{"/home/travis/build/npmtest/node-npmtest-node-rest-client/test.js":{"path":"/home/travis/build/npmtest/node-npmtest-node-rest-client/test.js","s":{"1":2,"2":2,"3":2,"4":2,"5":2,"6":2,"7":2,"8":1,"9":2,"10":2,"11":1,"12":1,"13":1,"14":1,"15":2,"16":2,"17":2,"18":2,"19":1,"20":1,"21":2,"22":2,"23":2,"24":1,"25":1,"26":1,"27":1,"28":1,"29":1,"30":1,"31":1,"32":1,"33":1,"34":1,"35":1,"36":1,"37":2,"38":2,"39":1,"40":2,"41":2,"42":1,"43":2,"44":2,"45":1,"46":2,"47":2,"48":1,"49":1,"50":1,"51":1,"52":1},"b":{"1":[2,1,1,1],"2":[1,1,1,1],"3":[1,1],"4":[1,1],"5":[1,1],"6":[1,1],"7":[1,1],"8":[1,1],"9":[1,1,1],"10":[1,1],"11":[1,1],"12":[1,1],"13":[1,1],"14":[1,1],"15":[1,1],"16":[1,1]},"f":{"1":2,"2":2,"3":2,"4":2,"5":2,"6":1,"7":1,"8":2,"9":2,"10":2,"11":2,"12":1},"fnMap":{"1":{"name":"(anonymous_1)","line":12,"loc":{"start":{"line":12,"column":1},"end":{"line":12,"column":13}}},"2":{"name":"(anonymous_2)","line":19,"loc":{"start":{"line":19,"column":5},"end":{"line":19,"column":17}}},"3":{"name":"(anonymous_3)","line":23,"loc":{"start":{"line":23,"column":24},"end":{"line":23,"column":36}}},"4":{"name":"(anonymous_4)","line":61,"loc":{"start":{"line":61,"column":5},"end":{"line":61,"column":17}}},"5":{"name":"(anonymous_5)","line":82,"loc":{"start":{"line":82,"column":5},"end":{"line":82,"column":17}}},"6":{"name":"(anonymous_6)","line":102,"loc":{"start":{"line":102,"column":83},"end":{"line":105,"column":10}},"skip":true},"7":{"name":"(anonymous_7)","line":113,"loc":{"start":{"line":113,"column":77},"end":{"line":116,"column":10}},"skip":true},"8":{"name":"(anonymous_8)","line":129,"loc":{"start":{"line":129,"column":12},"end":{"line":129,"column":40}},"skip":true},"9":{"name":"(anonymous_9)","line":137,"loc":{"start":{"line":137,"column":77},"end":{"line":140,"column":10}},"skip":true},"10":{"name":"(anonymous_10)","line":148,"loc":{"start":{"line":148,"column":83},"end":{"line":151,"column":10}},"skip":true},"11":{"name":"(anonymous_11)","line":159,"loc":{"start":{"line":159,"column":79},"end":{"line":162,"column":10}},"skip":true},"12":{"name":"(anonymous_12)","line":170,"loc":{"start":{"line":170,"column":75},"end":{"line":173,"column":10}},"skip":true}},"statementMap":{"1":{"start":{"line":12,"column":0},"end":{"line":185,"column":5}},"2":{"start":{"line":14,"column":4},"end":{"line":14,"column":14}},"3":{"start":{"line":19,"column":4},"end":{"line":56,"column":9}},"4":{"start":{"line":21,"column":8},"end":{"line":21,"column":19}},"5":{"start":{"line":23,"column":8},"end":{"line":35,"column":13}},"6":{"start":{"line":24,"column":12},"end":{"line":34,"column":13}},"7":{"start":{"line":25,"column":16},"end":{"line":28,"column":30}},"8":{"start":{"line":30,"column":16},"end":{"line":33,"column":27}},"9":{"start":{"line":37,"column":8},"end":{"line":39,"column":21}},"10":{"start":{"line":40,"column":8},"end":{"line":53,"column":9}},"11":{"start":{"line":43,"column":12},"end":{"line":46,"column":14}},"12":{"start":{"line":47,"column":12},"end":{"line":47,"column":18}},"13":{"start":{"line":50,"column":12},"end":{"line":51,"column":46}},"14":{"start":{"line":52,"column":12},"end":{"line":52,"column":18}},"15":{"start":{"line":55,"column":8},"end":{"line":55,"column":35}},"16":{"start":{"line":61,"column":4},"end":{"line":63,"column":9}},"17":{"start":{"line":62,"column":8},"end":{"line":62,"column":15}},"18":{"start":{"line":64,"column":4},"end":{"line":77,"column":5}},"19":{"start":{"line":70,"column":8},"end":{"line":70,"column":14}},"20":{"start":{"line":76,"column":8},"end":{"line":76,"column":14}},"21":{"start":{"line":82,"column":4},"end":{"line":84,"column":9}},"22":{"start":{"line":83,"column":8},"end":{"line":83,"column":15}},"23":{"start":{"line":85,"column":4},"end":{"line":184,"column":5}},"24":{"start":{"line":92,"column":8},"end":{"line":94,"column":63}},"25":{"start":{"line":95,"column":8},"end":{"line":95,"column":14}},"26":{"start":{"line":102,"column":8},"end":{"line":111,"column":10},"skip":true},"27":{"start":{"line":109,"column":12},"end":{"line":109,"column":55},"skip":true},"28":{"start":{"line":110,"column":12},"end":{"line":110,"column":48},"skip":true},"29":{"start":{"line":113,"column":8},"end":{"line":126,"column":10},"skip":true},"30":{"start":{"line":120,"column":12},"end":{"line":120,"column":76},"skip":true},"31":{"start":{"line":121,"column":12},"end":{"line":121,"column":73},"skip":true},"32":{"start":{"line":122,"column":12},"end":{"line":122,"column":74},"skip":true},"33":{"start":{"line":123,"column":12},"end":{"line":123,"column":79},"skip":true},"34":{"start":{"line":124,"column":12},"end":{"line":124,"column":25},"skip":true},"35":{"start":{"line":125,"column":12},"end":{"line":125,"column":45},"skip":true},"36":{"start":{"line":128,"column":8},"end":{"line":135,"column":14},"skip":true},"37":{"start":{"line":133,"column":16},"end":{"line":133,"column":29},"skip":true},"38":{"start":{"line":134,"column":16},"end":{"line":134,"column":55},"skip":true},"39":{"start":{"line":137,"column":8},"end":{"line":146,"column":10},"skip":true},"40":{"start":{"line":144,"column":12},"end":{"line":144,"column":25},"skip":true},"41":{"start":{"line":145,"column":12},"end":{"line":145,"column":45},"skip":true},"42":{"start":{"line":148,"column":8},"end":{"line":157,"column":10},"skip":true},"43":{"start":{"line":155,"column":12},"end":{"line":155,"column":25},"skip":true},"44":{"start":{"line":156,"column":12},"end":{"line":156,"column":48},"skip":true},"45":{"start":{"line":159,"column":8},"end":{"line":168,"column":10},"skip":true},"46":{"start":{"line":166,"column":12},"end":{"line":166,"column":25},"skip":true},"47":{"start":{"line":167,"column":12},"end":{"line":167,"column":46},"skip":true},"48":{"start":{"line":170,"column":8},"end":{"line":179,"column":10},"skip":true},"49":{"start":{"line":177,"column":12},"end":{"line":177,"column":94},"skip":true},"50":{"start":{"line":178,"column":12},"end":{"line":178,"column":48},"skip":true},"51":{"start":{"line":182,"column":8},"end":{"line":182,"column":35},"skip":true},"52":{"start":{"line":183,"column":8},"end":{"line":183,"column":14},"skip":true}},"branchMap":{"1":{"line":25,"type":"binary-expr","locations":[{"start":{"line":25,"column":23},"end":{"line":25,"column":62}},{"start":{"line":26,"column":20},"end":{"line":26,"column":70}},{"start":{"line":27,"column":20},"end":{"line":27,"column":71}},{"start":{"line":28,"column":20},"end":{"line":28,"column":29}}]},"2":{"line":30,"type":"binary-expr","locations":[{"start":{"line":30,"column":23},"end":{"line":30,"column":37}},{"start":{"line":31,"column":20},"end":{"line":31,"column":61}},{"start":{"line":32,"column":20},"end":{"line":32,"column":70}},{"start":{"line":33,"column":20},"end":{"line":33,"column":26}}]},"3":{"line":37,"type":"cond-expr","locations":[{"start":{"line":38,"column":14},"end":{"line":38,"column":20}},{"start":{"line":39,"column":14},"end":{"line":39,"column":20}}]},"4":{"line":40,"type":"switch","locations":[{"start":{"line":42,"column":8},"end":{"line":47,"column":18}},{"start":{"line":49,"column":8},"end":{"line":52,"column":18}}]},"5":{"line":44,"type":"binary-expr","locations":[{"start":{"line":44,"column":16},"end":{"line":44,"column":44}},{"start":{"line":44,"column":48},"end":{"line":44,"column":66}}]},"6":{"line":50,"type":"binary-expr","locations":[{"start":{"line":50,"column":21},"end":{"line":50,"column":49}},{"start":{"line":50,"column":53},"end":{"line":50,"column":72}}]},"7":{"line":64,"type":"switch","locations":[{"start":{"line":69,"column":4},"end":{"line":70,"column":14}},{"start":{"line":75,"column":4},"end":{"line":76,"column":14}}]},"8":{"line":85,"type":"switch","locations":[{"start":{"line":90,"column":4},"end":{"line":95,"column":14}},{"start":{"line":101,"column":4},"end":{"line":183,"column":14},"skip":true}]},"9":{"line":92,"type":"binary-expr","locations":[{"start":{"line":92,"column":18},"end":{"line":92,"column":32}},{"start":{"line":93,"column":12},"end":{"line":93,"column":53}},{"start":{"line":94,"column":12},"end":{"line":94,"column":61}}]},"10":{"line":102,"type":"binary-expr","locations":[{"start":{"line":102,"column":45},"end":{"line":102,"column":79},"skip":true},{"start":{"line":102,"column":83},"end":{"line":111,"column":9},"skip":true}]},"11":{"line":113,"type":"binary-expr","locations":[{"start":{"line":113,"column":42},"end":{"line":113,"column":73},"skip":true},{"start":{"line":113,"column":77},"end":{"line":126,"column":9},"skip":true}]},"12":{"line":128,"type":"binary-expr","locations":[{"start":{"line":128,"column":48},"end":{"line":128,"column":85},"skip":true},{"start":{"line":129,"column":12},"end":{"line":135,"column":13},"skip":true}]},"13":{"line":137,"type":"binary-expr","locations":[{"start":{"line":137,"column":42},"end":{"line":137,"column":73},"skip":true},{"start":{"line":137,"column":77},"end":{"line":146,"column":9},"skip":true}]},"14":{"line":148,"type":"binary-expr","locations":[{"start":{"line":148,"column":45},"end":{"line":148,"column":79},"skip":true},{"start":{"line":148,"column":83},"end":{"line":157,"column":9},"skip":true}]},"15":{"line":159,"type":"binary-expr","locations":[{"start":{"line":159,"column":43},"end":{"line":159,"column":75},"skip":true},{"start":{"line":159,"column":79},"end":{"line":168,"column":9},"skip":true}]},"16":{"line":170,"type":"binary-expr","locations":[{"start":{"line":170,"column":41},"end":{"line":170,"column":71},"skip":true},{"start":{"line":170,"column":75},"end":{"line":179,"column":9},"skip":true}]}},"code":["/* istanbul instrument in package npmtest_node_rest_client */","/*jslint","    bitwise: true,","    browser: true,","    maxerr: 8,","    maxlen: 96,","    node: true,","    nomen: true,","    regexp: true,","    stupid: true","*/","(function () {","    'use strict';","    var local;","","","","    // run shared js-env code - pre-init","    (function () {","        // init local","        local = {};","        // init modeJs","        local.modeJs = (function () {","            try {","                return typeof navigator.userAgent === 'string' &&","                    typeof document.querySelector('body') === 'object' &&","                    typeof XMLHttpRequest.prototype.open === 'function' &&","                    'browser';","            } catch (errorCaughtBrowser) {","                return module.exports &&","                    typeof process.versions.node === 'string' &&","                    typeof require('http').createServer === 'function' &&","                    'node';","            }","        }());","        // init global","        local.global = local.modeJs === 'browser'","            ? window","            : global;","        switch (local.modeJs) {","        // re-init local from window.local","        case 'browser':","            local = local.global.utility2.objectSetDefault(","                local.global.utility2_rollup || local.global.local,","                local.global.utility2","            );","            break;","        // re-init local from example.js","        case 'node':","            local = (local.global.utility2_rollup || require('utility2'))","                .requireExampleJsFromReadme();","            break;","        }","        // export local","        local.global.local = local;","    }());","","","","    // run shared js-env code - function","    (function () {","        return;","    }());","    switch (local.modeJs) {","","","","    // run browser js-env code - function","    case 'browser':","        break;","","","","    // run node js-env code - function","    case 'node':","        break;","    }","","","","    // run shared js-env code - post-init","    (function () {","        return;","    }());","    switch (local.modeJs) {","","","","    // run browser js-env code - post-init","    case 'browser':","        // run tests","        local.nop(local.modeTest &&","            document.querySelector('#testRunButton1') &&","            document.querySelector('#testRunButton1').click());","        break;","","","","    // run node js-env code - post-init","    /* istanbul ignore next */","    case 'node':","        local.testCase_buildApidoc_default = local.testCase_buildApidoc_default || function (","            options,","            onError","        ) {","        /*","         * this function will test buildApidoc's default handling-behavior-behavior","         */","            options = { modulePathList: module.paths };","            local.buildApidoc(options, onError);","        };","","        local.testCase_buildApp_default = local.testCase_buildApp_default || function (","            options,","            onError","        ) {","        /*","         * this function will test buildApp's default handling-behavior-behavior","         */","            local.testCase_buildReadme_default(options, local.onErrorThrow);","            local.testCase_buildLib_default(options, local.onErrorThrow);","            local.testCase_buildTest_default(options, local.onErrorThrow);","            local.testCase_buildCustomOrg_default(options, local.onErrorThrow);","            options = [];","            local.buildApp(options, onError);","        };","","        local.testCase_buildCustomOrg_default = local.testCase_buildCustomOrg_default ||","            function (options, onError) {","            /*","             * this function will test buildCustomOrg's default handling-behavior","             */","                options = {};","                local.buildCustomOrg(options, onError);","            };","","        local.testCase_buildLib_default = local.testCase_buildLib_default || function (","            options,","            onError","        ) {","        /*","         * this function will test buildLib's default handling-behavior","         */","            options = {};","            local.buildLib(options, onError);","        };","","        local.testCase_buildReadme_default = local.testCase_buildReadme_default || function (","            options,","            onError","        ) {","        /*","         * this function will test buildReadme's default handling-behavior-behavior","         */","            options = {};","            local.buildReadme(options, onError);","        };","","        local.testCase_buildTest_default = local.testCase_buildTest_default || function (","            options,","            onError","        ) {","        /*","         * this function will test buildTest's default handling-behavior","         */","            options = {};","            local.buildTest(options, onError);","        };","","        local.testCase_webpage_default = local.testCase_webpage_default || function (","            options,","            onError","        ) {","        /*","         * this function will test webpage's default handling-behavior","         */","            options = { modeCoverageMerge: true, url: local.serverLocalHost + '?modeTest=1' };","            local.browserTest(options, onError);","        };","","        // run test-server","        local.testRunServer(local);","        break;","    }","}());",""],"l":{"12":2,"14":2,"19":2,"21":2,"23":2,"24":2,"25":2,"30":1,"37":2,"40":2,"43":1,"47":1,"50":1,"52":1,"55":2,"61":2,"62":2,"64":2,"70":1,"76":1,"82":2,"83":2,"85":2,"92":1,"95":1,"102":1,"109":1,"110":1,"113":1,"120":1,"121":1,"122":1,"123":1,"124":1,"125":1,"128":1,"133":2,"134":2,"137":1,"144":2,"145":2,"148":1,"155":2,"156":2,"159":1,"166":2,"167":2,"170":1,"177":1,"178":1,"182":1,"183":1}},"/home/travis/build/npmtest/node-npmtest-node-rest-client/lib.npmtest_node_rest_client.js":{"path":"/home/travis/build/npmtest/node-npmtest-node-rest-client/lib.npmtest_node_rest_client.js","s":{"1":2,"2":2,"3":2,"4":2,"5":2,"6":2,"7":2,"8":1,"9":2,"10":2,"11":2,"12":2,"13":1,"14":1,"15":1,"16":1},"b":{"1":[2,1,1,1],"2":[1,1,1,1],"3":[1,1],"4":[2,2],"5":[1,1]},"f":{"1":2,"2":2,"3":2},"fnMap":{"1":{"name":"(anonymous_1)","line":12,"loc":{"start":{"line":12,"column":1},"end":{"line":12,"column":13}}},"2":{"name":"(anonymous_2)","line":19,"loc":{"start":{"line":19,"column":5},"end":{"line":19,"column":17}}},"3":{"name":"(anonymous_3)","line":23,"loc":{"start":{"line":23,"column":24},"end":{"line":23,"column":36}}}},"statementMap":{"1":{"start":{"line":12,"column":0},"end":{"line":53,"column":5}},"2":{"start":{"line":14,"column":4},"end":{"line":14,"column":14}},"3":{"start":{"line":19,"column":4},"end":{"line":52,"column":9}},"4":{"start":{"line":21,"column":8},"end":{"line":21,"column":19}},"5":{"start":{"line":23,"column":8},"end":{"line":35,"column":13}},"6":{"start":{"line":24,"column":12},"end":{"line":34,"column":13}},"7":{"start":{"line":25,"column":16},"end":{"line":28,"column":30}},"8":{"start":{"line":30,"column":16},"end":{"line":33,"column":27}},"9":{"start":{"line":37,"column":8},"end":{"line":39,"column":21}},"10":{"start":{"line":41,"column":8},"end":{"line":41,"column":54}},"11":{"start":{"line":43,"column":8},"end":{"line":43,"column":61}},"12":{"start":{"line":45,"column":8},"end":{"line":51,"column":9}},"13":{"start":{"line":46,"column":12},"end":{"line":46,"column":67}},"14":{"start":{"line":48,"column":12},"end":{"line":48,"column":35}},"15":{"start":{"line":49,"column":12},"end":{"line":49,"column":49}},"16":{"start":{"line":50,"column":12},"end":{"line":50,"column":43}}},"branchMap":{"1":{"line":25,"type":"binary-expr","locations":[{"start":{"line":25,"column":23},"end":{"line":25,"column":62}},{"start":{"line":26,"column":20},"end":{"line":26,"column":70}},{"start":{"line":27,"column":20},"end":{"line":27,"column":71}},{"start":{"line":28,"column":20},"end":{"line":28,"column":29}}]},"2":{"line":30,"type":"binary-expr","locations":[{"start":{"line":30,"column":23},"end":{"line":30,"column":37}},{"start":{"line":31,"column":20},"end":{"line":31,"column":61}},{"start":{"line":32,"column":20},"end":{"line":32,"column":70}},{"start":{"line":33,"column":20},"end":{"line":33,"column":26}}]},"3":{"line":37,"type":"cond-expr","locations":[{"start":{"line":38,"column":14},"end":{"line":38,"column":20}},{"start":{"line":39,"column":14},"end":{"line":39,"column":20}}]},"4":{"line":41,"type":"binary-expr","locations":[{"start":{"line":41,"column":16},"end":{"line":41,"column":44}},{"start":{"line":41,"column":48},"end":{"line":41,"column":53}}]},"5":{"line":45,"type":"if","locations":[{"start":{"line":45,"column":8},"end":{"line":45,"column":8}},{"start":{"line":45,"column":8},"end":{"line":45,"column":8}}]}},"code":["/* istanbul instrument in package npmtest_node_rest_client */","/*jslint","    bitwise: true,","    browser: true,","    maxerr: 8,","    maxlen: 96,","    node: true,","    nomen: true,","    regexp: true,","    stupid: true","*/","(function () {","    'use strict';","    var local;","","","","    // run shared js-env code - pre-init","    (function () {","        // init local","        local = {};","        // init modeJs","        local.modeJs = (function () {","            try {","                return typeof navigator.userAgent === 'string' &&","                    typeof document.querySelector('body') === 'object' &&","                    typeof XMLHttpRequest.prototype.open === 'function' &&","                    'browser';","            } catch (errorCaughtBrowser) {","                return module.exports &&","                    typeof process.versions.node === 'string' &&","                    typeof require('http').createServer === 'function' &&","                    'node';","            }","        }());","        // init global","        local.global = local.modeJs === 'browser'","            ? window","            : global;","        // init utility2_rollup","        local = local.global.utility2_rollup || local;","        // init lib","        local.local = local.npmtest_node_rest_client = local;","        // init exports","        if (local.modeJs === 'browser') {","            local.global.utility2_npmtest_node_rest_client = local;","        } else {","            module.exports = local;","            module.exports.__dirname = __dirname;","            module.exports.module = module;","        }","    }());","}());",""],"l":{"12":2,"14":2,"19":2,"21":2,"23":2,"24":2,"25":2,"30":1,"37":2,"41":2,"43":2,"45":2,"46":1,"48":1,"49":1,"50":1}},"/home/travis/build/npmtest/node-npmtest-node-rest-client/example.js":{"path":"/home/travis/build/npmtest/node-npmtest-node-rest-client/example.js","s":{"1":2,"2":2,"3":2,"4":2,"5":2,"6":2,"7":2,"8":1,"9":2,"10":2,"11":2,"12":2,"13":1,"14":2,"15":2,"16":2,"17":2,"18":2,"19":0,"20":2,"21":1,"22":1,"23":1,"24":1,"25":1,"26":0,"27":0,"28":1,"29":1,"30":2,"31":0,"32":0,"33":0,"34":1,"35":2,"36":2,"37":2,"38":2,"39":2,"40":2,"41":0,"42":2,"43":2,"44":2,"45":1,"46":3,"47":1,"48":1,"49":1,"50":1,"51":1,"52":1,"53":1,"54":1,"55":1,"56":1,"57":0,"58":1,"59":6,"60":6,"61":1,"62":2,"63":0,"64":2,"65":1,"66":1,"67":0,"68":0,"69":0,"70":0,"71":0,"72":0,"73":0,"74":0,"75":0,"76":0,"77":0,"78":0,"79":0,"80":0,"81":0,"82":0,"83":0},"b":{"1":[2,1,1,1],"2":[1,1,1,1],"3":[1,1],"4":[2,2],"5":[1,1],"6":[1,1],"7":[2,0],"8":[2,1,1,1,1,1],"9":[0,2,0],"10":[1,1],"11":[2,1,1],"12":[1,0],"13":[0,2],"14":[2,0,0,0,0,0,0],"15":[0,2],"16":[2,0],"17":[1,1],"18":[0,1],"19":[1,2,0,2],"20":[1,0],"21":[1,1],"22":[0,0],"23":[0,0],"24":[0,0],"25":[0,0],"26":[0,0],"27":[0,0],"28":[0,0]},"f":{"1":2,"2":2,"3":2,"4":2,"5":2,"6":2,"7":2,"8":2,"9":3,"10":1,"11":6,"12":0},"fnMap":{"1":{"name":"(anonymous_1)","line":26,"loc":{"start":{"line":26,"column":1},"end":{"line":26,"column":13}}},"2":{"name":"(anonymous_2)","line":33,"loc":{"start":{"line":33,"column":5},"end":{"line":33,"column":17}}},"3":{"name":"(anonymous_3)","line":37,"loc":{"start":{"line":37,"column":24},"end":{"line":37,"column":36}}},"4":{"name":"(anonymous_4)","line":69,"loc":{"start":{"line":69,"column":31},"end":{"line":69,"column":48}},"skip":true},"5":{"name":"(anonymous_5)","line":78,"loc":{"start":{"line":78,"column":26},"end":{"line":78,"column":45}},"skip":true},"6":{"name":"(anonymous_6)","line":123,"loc":{"start":{"line":123,"column":33},"end":{"line":123,"column":48}},"skip":true},"7":{"name":"(anonymous_7)","line":125,"loc":{"start":{"line":125,"column":27},"end":{"line":125,"column":39}},"skip":true},"8":{"name":"(anonymous_8)","line":133,"loc":{"start":{"line":133,"column":59},"end":{"line":133,"column":74}},"skip":true},"9":{"name":"(anonymous_9)","line":143,"loc":{"start":{"line":143,"column":45},"end":{"line":143,"column":62}},"skip":true},"10":{"name":"(anonymous_10)","line":144,"loc":{"start":{"line":144,"column":73},"end":{"line":144,"column":92}},"skip":true},"11":{"name":"(anonymous_11)","line":272,"loc":{"start":{"line":272,"column":51},"end":{"line":272,"column":77}},"skip":true},"12":{"name":"(anonymous_12)","line":314,"loc":{"start":{"line":314,"column":32},"end":{"line":314,"column":61}},"skip":true}},"statementMap":{"1":{"start":{"line":26,"column":0},"end":{"line":325,"column":5}},"2":{"start":{"line":28,"column":4},"end":{"line":28,"column":14}},"3":{"start":{"line":33,"column":4},"end":{"line":60,"column":9}},"4":{"start":{"line":35,"column":8},"end":{"line":35,"column":19}},"5":{"start":{"line":37,"column":8},"end":{"line":49,"column":13}},"6":{"start":{"line":38,"column":12},"end":{"line":48,"column":13}},"7":{"start":{"line":39,"column":16},"end":{"line":42,"column":30}},"8":{"start":{"line":44,"column":16},"end":{"line":47,"column":27}},"9":{"start":{"line":51,"column":8},"end":{"line":53,"column":21}},"10":{"start":{"line":55,"column":8},"end":{"line":57,"column":45}},"11":{"start":{"line":59,"column":8},"end":{"line":59,"column":35}},"12":{"start":{"line":61,"column":4},"end":{"line":324,"column":5}},"13":{"start":{"line":69,"column":8},"end":{"line":121,"column":10},"skip":true},"14":{"start":{"line":70,"column":12},"end":{"line":88,"column":13},"skip":true},"15":{"start":{"line":76,"column":16},"end":{"line":87,"column":19},"skip":true},"16":{"start":{"line":79,"column":20},"end":{"line":86,"column":21},"skip":true},"17":{"start":{"line":82,"column":24},"end":{"line":82,"column":43},"skip":true},"18":{"start":{"line":83,"column":24},"end":{"line":83,"column":30},"skip":true},"19":{"start":{"line":85,"column":24},"end":{"line":85,"column":49},"skip":true},"20":{"start":{"line":89,"column":12},"end":{"line":107,"column":13},"skip":true},"21":{"start":{"line":92,"column":16},"end":{"line":102,"column":17},"skip":true},"22":{"start":{"line":93,"column":20},"end":{"line":93,"column":86},"skip":true},"23":{"start":{"line":94,"column":20},"end":{"line":95,"column":45},"skip":true},"24":{"start":{"line":96,"column":20},"end":{"line":96,"column":42},"skip":true},"25":{"start":{"line":97,"column":20},"end":{"line":97,"column":48},"skip":true},"26":{"start":{"line":100,"column":20},"end":{"line":100,"column":85},"skip":true},"27":{"start":{"line":101,"column":20},"end":{"line":101,"column":96},"skip":true},"28":{"start":{"line":103,"column":16},"end":{"line":103,"column":22},"skip":true},"29":{"start":{"line":106,"column":16},"end":{"line":106,"column":22},"skip":true},"30":{"start":{"line":108,"column":12},"end":{"line":120,"column":13},"skip":true},"31":{"start":{"line":114,"column":16},"end":{"line":119,"column":17},"skip":true},"32":{"start":{"line":116,"column":20},"end":{"line":116,"column":78},"skip":true},"33":{"start":{"line":118,"column":20},"end":{"line":118,"column":47},"skip":true},"34":{"start":{"line":123,"column":8},"end":{"line":141,"column":11},"skip":true},"35":{"start":{"line":124,"column":12},"end":{"line":124,"column":54},"skip":true},"36":{"start":{"line":125,"column":12},"end":{"line":140,"column":14},"skip":true},"37":{"start":{"line":126,"column":16},"end":{"line":126,"column":28},"skip":true},"38":{"start":{"line":127,"column":16},"end":{"line":127,"column":69},"skip":true},"39":{"start":{"line":128,"column":16},"end":{"line":128,"column":75},"skip":true},"40":{"start":{"line":129,"column":16},"end":{"line":131,"column":17},"skip":true},"41":{"start":{"line":130,"column":20},"end":{"line":130,"column":27},"skip":true},"42":{"start":{"line":133,"column":16},"end":{"line":137,"column":36},"skip":true},"43":{"start":{"line":134,"column":20},"end":{"line":136,"column":55},"skip":true},"44":{"start":{"line":139,"column":16},"end":{"line":139,"column":57},"skip":true},"45":{"start":{"line":143,"column":8},"end":{"line":147,"column":11},"skip":true},"46":{"start":{"line":144,"column":12},"end":{"line":146,"column":15},"skip":true},"47":{"start":{"line":145,"column":16},"end":{"line":145,"column":70},"skip":true},"48":{"start":{"line":149,"column":8},"end":{"line":149,"column":31},"skip":true},"49":{"start":{"line":150,"column":8},"end":{"line":150,"column":14},"skip":true},"50":{"start":{"line":158,"column":8},"end":{"line":158,"column":31},"skip":true},"51":{"start":{"line":160,"column":8},"end":{"line":160,"column":33},"skip":true},"52":{"start":{"line":161,"column":8},"end":{"line":161,"column":37},"skip":true},"53":{"start":{"line":162,"column":8},"end":{"line":162,"column":35},"skip":true},"54":{"start":{"line":164,"column":8},"end":{"line":164,"column":50},"skip":true},"55":{"start":{"line":166,"column":8},"end":{"line":256,"column":2},"skip":true},"56":{"start":{"line":258,"column":8},"end":{"line":286,"column":9},"skip":true},"57":{"start":{"line":259,"column":12},"end":{"line":269,"column":14},"skip":true},"58":{"start":{"line":271,"column":12},"end":{"line":285,"column":19},"skip":true},"59":{"start":{"line":274,"column":20},"end":{"line":274,"column":35},"skip":true},"60":{"start":{"line":275,"column":20},"end":{"line":284,"column":21},"skip":true},"61":{"start":{"line":277,"column":24},"end":{"line":277,"column":64},"skip":true},"62":{"start":{"line":279,"column":24},"end":{"line":279,"column":40},"skip":true},"63":{"start":{"line":281,"column":24},"end":{"line":281,"column":40},"skip":true},"64":{"start":{"line":283,"column":24},"end":{"line":283,"column":39},"skip":true},"65":{"start":{"line":288,"column":8},"end":{"line":290,"column":9},"skip":true},"66":{"start":{"line":289,"column":12},"end":{"line":289,"column":18},"skip":true},"67":{"start":{"line":291,"column":8},"end":{"line":293,"column":54},"skip":true},"68":{"start":{"line":294,"column":8},"end":{"line":301,"column":37},"skip":true},"69":{"start":{"line":302,"column":8},"end":{"line":302,"column":82},"skip":true},"70":{"start":{"line":305,"column":8},"end":{"line":307,"column":9},"skip":true},"71":{"start":{"line":306,"column":12},"end":{"line":306,"column":82},"skip":true},"72":{"start":{"line":309,"column":8},"end":{"line":311,"column":9},"skip":true},"73":{"start":{"line":310,"column":12},"end":{"line":310,"column":18},"skip":true},"74":{"start":{"line":312,"column":8},"end":{"line":312,"column":54},"skip":true},"75":{"start":{"line":313,"column":8},"end":{"line":313,"column":69},"skip":true},"76":{"start":{"line":314,"column":8},"end":{"line":322,"column":36},"skip":true},"77":{"start":{"line":315,"column":12},"end":{"line":315,"column":61},"skip":true},"78":{"start":{"line":316,"column":12},"end":{"line":319,"column":13},"skip":true},"79":{"start":{"line":317,"column":16},"end":{"line":317,"column":75},"skip":true},"80":{"start":{"line":318,"column":16},"end":{"line":318,"column":23},"skip":true},"81":{"start":{"line":320,"column":12},"end":{"line":320,"column":38},"skip":true},"82":{"start":{"line":321,"column":12},"end":{"line":321,"column":27},"skip":true},"83":{"start":{"line":323,"column":8},"end":{"line":323,"column":14},"skip":true}},"branchMap":{"1":{"line":39,"type":"binary-expr","locations":[{"start":{"line":39,"column":23},"end":{"line":39,"column":62}},{"start":{"line":40,"column":20},"end":{"line":40,"column":70}},{"start":{"line":41,"column":20},"end":{"line":41,"column":71}},{"start":{"line":42,"column":20},"end":{"line":42,"column":29}}]},"2":{"line":44,"type":"binary-expr","locations":[{"start":{"line":44,"column":23},"end":{"line":44,"column":37}},{"start":{"line":45,"column":20},"end":{"line":45,"column":61}},{"start":{"line":46,"column":20},"end":{"line":46,"column":70}},{"start":{"line":47,"column":20},"end":{"line":47,"column":26}}]},"3":{"line":51,"type":"cond-expr","locations":[{"start":{"line":52,"column":14},"end":{"line":52,"column":20}},{"start":{"line":53,"column":14},"end":{"line":53,"column":20}}]},"4":{"line":55,"type":"binary-expr","locations":[{"start":{"line":55,"column":16},"end":{"line":55,"column":44}},{"start":{"line":55,"column":49},"end":{"line":57,"column":43}}]},"5":{"line":55,"type":"cond-expr","locations":[{"start":{"line":56,"column":14},"end":{"line":56,"column":60}},{"start":{"line":57,"column":14},"end":{"line":57,"column":43}}]},"6":{"line":61,"type":"switch","locations":[{"start":{"line":68,"column":4},"end":{"line":150,"column":14},"skip":true},{"start":{"line":156,"column":4},"end":{"line":323,"column":14},"skip":true}]},"7":{"line":70,"type":"if","locations":[{"start":{"line":70,"column":12},"end":{"line":70,"column":12},"skip":true},{"start":{"line":70,"column":12},"end":{"line":70,"column":12},"skip":true}]},"8":{"line":70,"type":"binary-expr","locations":[{"start":{"line":70,"column":16},"end":{"line":70,"column":22},"skip":true},{"start":{"line":70,"column":27},"end":{"line":70,"column":32},"skip":true},{"start":{"line":71,"column":20},"end":{"line":71,"column":39},"skip":true},{"start":{"line":72,"column":20},"end":{"line":72,"column":49},"skip":true},{"start":{"line":73,"column":20},"end":{"line":73,"column":58},"skip":true},{"start":{"line":74,"column":20},"end":{"line":74,"column":69},"skip":true}]},"9":{"line":79,"type":"switch","locations":[{"start":{"line":80,"column":20},"end":{"line":80,"column":33},"skip":true},{"start":{"line":81,"column":20},"end":{"line":83,"column":30},"skip":true},{"start":{"line":84,"column":20},"end":{"line":85,"column":49},"skip":true}]},"10":{"line":89,"type":"switch","locations":[{"start":{"line":90,"column":12},"end":{"line":103,"column":22},"skip":true},{"start":{"line":105,"column":12},"end":{"line":106,"column":22},"skip":true}]},"11":{"line":89,"type":"binary-expr","locations":[{"start":{"line":89,"column":20},"end":{"line":89,"column":25},"skip":true},{"start":{"line":89,"column":29},"end":{"line":89,"column":48},"skip":true},{"start":{"line":89,"column":52},"end":{"line":89,"column":74},"skip":true}]},"12":{"line":92,"type":"if","locations":[{"start":{"line":92,"column":16},"end":{"line":92,"column":16},"skip":true},{"start":{"line":92,"column":16},"end":{"line":92,"column":16},"skip":true}]},"13":{"line":108,"type":"if","locations":[{"start":{"line":108,"column":12},"end":{"line":108,"column":12},"skip":true},{"start":{"line":108,"column":12},"end":{"line":108,"column":12},"skip":true}]},"14":{"line":108,"type":"binary-expr","locations":[{"start":{"line":108,"column":16},"end":{"line":108,"column":61},"skip":true},{"start":{"line":108,"column":66},"end":{"line":108,"column":72},"skip":true},{"start":{"line":108,"column":77},"end":{"line":108,"column":82},"skip":true},{"start":{"line":109,"column":20},"end":{"line":109,"column":39},"skip":true},{"start":{"line":110,"column":20},"end":{"line":110,"column":49},"skip":true},{"start":{"line":111,"column":20},"end":{"line":111,"column":58},"skip":true},{"start":{"line":112,"column":20},"end":{"line":112,"column":68},"skip":true}]},"15":{"line":129,"type":"if","locations":[{"start":{"line":129,"column":16},"end":{"line":129,"column":16},"skip":true},{"start":{"line":129,"column":16},"end":{"line":129,"column":16},"skip":true}]},"16":{"line":134,"type":"cond-expr","locations":[{"start":{"line":135,"column":26},"end":{"line":135,"column":29},"skip":true},{"start":{"line":136,"column":26},"end":{"line":136,"column":54},"skip":true}]},"17":{"line":164,"type":"binary-expr","locations":[{"start":{"line":164,"column":27},"end":{"line":164,"column":43},"skip":true},{"start":{"line":164,"column":47},"end":{"line":164,"column":49},"skip":true}]},"18":{"line":258,"type":"if","locations":[{"start":{"line":258,"column":8},"end":{"line":258,"column":8},"skip":true},{"start":{"line":258,"column":8},"end":{"line":258,"column":8},"skip":true}]},"19":{"line":275,"type":"switch","locations":[{"start":{"line":276,"column":20},"end":{"line":277,"column":64},"skip":true},{"start":{"line":278,"column":20},"end":{"line":279,"column":40},"skip":true},{"start":{"line":280,"column":20},"end":{"line":281,"column":40},"skip":true},{"start":{"line":282,"column":20},"end":{"line":283,"column":39},"skip":true}]},"20":{"line":288,"type":"if","locations":[{"start":{"line":288,"column":8},"end":{"line":288,"column":8},"skip":true},{"start":{"line":288,"column":8},"end":{"line":288,"column":8},"skip":true}]},"21":{"line":288,"type":"binary-expr","locations":[{"start":{"line":288,"column":12},"end":{"line":288,"column":40},"skip":true},{"start":{"line":288,"column":44},"end":{"line":288,"column":67},"skip":true}]},"22":{"line":292,"type":"binary-expr","locations":[{"start":{"line":292,"column":12},"end":{"line":292,"column":50},"skip":true},{"start":{"line":293,"column":12},"end":{"line":293,"column":53},"skip":true}]},"23":{"line":295,"type":"binary-expr","locations":[{"start":{"line":295,"column":12},"end":{"line":295,"column":74},"skip":true},{"start":{"line":296,"column":12},"end":{"line":301,"column":36},"skip":true}]},"24":{"line":302,"type":"binary-expr","locations":[{"start":{"line":302,"column":43},"end":{"line":302,"column":75},"skip":true},{"start":{"line":302,"column":79},"end":{"line":302,"column":81},"skip":true}]},"25":{"line":305,"type":"if","locations":[{"start":{"line":305,"column":8},"end":{"line":305,"column":8},"skip":true},{"start":{"line":305,"column":8},"end":{"line":305,"column":8},"skip":true}]},"26":{"line":309,"type":"if","locations":[{"start":{"line":309,"column":8},"end":{"line":309,"column":8},"skip":true},{"start":{"line":309,"column":8},"end":{"line":309,"column":8},"skip":true}]},"27":{"line":312,"type":"binary-expr","locations":[{"start":{"line":312,"column":27},"end":{"line":312,"column":43},"skip":true},{"start":{"line":312,"column":47},"end":{"line":312,"column":53},"skip":true}]},"28":{"line":316,"type":"if","locations":[{"start":{"line":316,"column":12},"end":{"line":316,"column":12},"skip":true},{"start":{"line":316,"column":12},"end":{"line":316,"column":12},"skip":true}]}},"code":["/*","example.js","","quickstart example","","instruction","    1. save this script as example.js","    2. run the shell command:","        $ npm install npmtest-node-rest-client && PORT=8081 node example.js","    3. play with the browser-demo on http://127.0.0.1:8081","*/","","","","/* istanbul instrument in package npmtest_node_rest_client */","/*jslint","    bitwise: true,","    browser: true,","    maxerr: 8,","    maxlen: 96,","    node: true,","    nomen: true,","    regexp: true,","    stupid: true","*/","(function () {","    'use strict';","    var local;","","","","    // run shared js-env code - pre-init","    (function () {","        // init local","        local = {};","        // init modeJs","        local.modeJs = (function () {","            try {","                return typeof navigator.userAgent === 'string' &&","                    typeof document.querySelector('body') === 'object' &&","                    typeof XMLHttpRequest.prototype.open === 'function' &&","                    'browser';","            } catch (errorCaughtBrowser) {","                return module.exports &&","                    typeof process.versions.node === 'string' &&","                    typeof require('http').createServer === 'function' &&","                    'node';","            }","        }());","        // init global","        local.global = local.modeJs === 'browser'","            ? window","            : global;","        // init utility2_rollup","        local = local.global.utility2_rollup || (local.modeJs === 'browser'","            ? local.global.utility2_npmtest_node_rest_client","            : global.utility2_moduleExports);","        // export local","        local.global.local = local;","    }());","    switch (local.modeJs) {","","","","    // post-init","    // run browser js-env code - post-init","    /* istanbul ignore next */","    case 'browser':","        local.testRunBrowser = function (event) {","            if (!event || (event &&","                    event.currentTarget &&","                    event.currentTarget.className &&","                    event.currentTarget.className.includes &&","                    event.currentTarget.className.includes('onreset'))) {","                // reset output","                Array.from(","                    document.querySelectorAll('body > .resettable')","                ).forEach(function (element) {","                    switch (element.tagName) {","                    case 'INPUT':","                    case 'TEXTAREA':","                        element.value = '';","                        break;","                    default:","                        element.textContent = '';","                    }","                });","            }","            switch (event && event.currentTarget && event.currentTarget.id) {","            case 'testRunButton1':","                // show tests","                if (document.querySelector('#testReportDiv1').style.display === 'none') {","                    document.querySelector('#testReportDiv1').style.display = 'block';","                    document.querySelector('#testRunButton1').textContent =","                        'hide internal test';","                    local.modeTest = true;","                    local.testRunDefault(local);","                // hide tests","                } else {","                    document.querySelector('#testReportDiv1').style.display = 'none';","                    document.querySelector('#testRunButton1').textContent = 'run internal test';","                }","                break;","            // custom-case","            default:","                break;","            }","            if (document.querySelector('#inputTextareaEval1') && (!event || (event &&","                    event.currentTarget &&","                    event.currentTarget.className &&","                    event.currentTarget.className.includes &&","                    event.currentTarget.className.includes('oneval')))) {","                // try to eval input-code","                try {","                    /*jslint evil: true*/","                    eval(document.querySelector('#inputTextareaEval1').value);","                } catch (errorCaught) {","                    console.error(errorCaught);","                }","            }","        };","        // log stderr and stdout to #outputTextareaStdout1","        ['error', 'log'].forEach(function (key) {","            console[key + '_original'] = console[key];","            console[key] = function () {","                var element;","                console[key + '_original'].apply(console, arguments);","                element = document.querySelector('#outputTextareaStdout1');","                if (!element) {","                    return;","                }","                // append text to #outputTextareaStdout1","                element.value += Array.from(arguments).map(function (arg) {","                    return typeof arg === 'string'","                        ? arg","                        : JSON.stringify(arg, null, 4);","                }).join(' ') + '\\n';","                // scroll textarea to bottom","                element.scrollTop = element.scrollHeight;","            };","        });","        // init event-handling","        ['change', 'click', 'keyup'].forEach(function (event) {","            Array.from(document.querySelectorAll('.on' + event)).forEach(function (element) {","                element.addEventListener(event, local.testRunBrowser);","            });","        });","        // run tests","        local.testRunBrowser();","        break;","","","","    // run node js-env code - post-init","    /* istanbul ignore next */","    case 'node':","        // export local","        module.exports = local;","        // require modules","        local.fs = require('fs');","        local.http = require('http');","        local.url = require('url');","        // init assets","        local.assetsDict = local.assetsDict || {};","        /* jslint-ignore-begin */","        local.assetsDict['/assets.index.template.html'] = '\\","<!doctype html>\\n\\","<html lang=\"en\">\\n\\","<head>\\n\\","<meta charset=\"UTF-8\">\\n\\","<meta name=\"viewport\" content=\"width=device-width, initial-scale=1\">\\n\\","<title>{{env.npm_package_name}} (v{{env.npm_package_version}})</title>\\n\\","<style>\\n\\","/*csslint\\n\\","    box-sizing: false,\\n\\","    universal-selector: false\\n\\","*/\\n\\","* {\\n\\","    box-sizing: border-box;\\n\\","}\\n\\","body {\\n\\","    background: #dde;\\n\\","    font-family: Arial, Helvetica, sans-serif;\\n\\","    margin: 2rem;\\n\\","}\\n\\","body > * {\\n\\","    margin-bottom: 1rem;\\n\\","}\\n\\",".utility2FooterDiv {\\n\\","    margin-top: 20px;\\n\\","    text-align: center;\\n\\","}\\n\\","</style>\\n\\","<style>\\n\\","/*csslint\\n\\","*/\\n\\","textarea {\\n\\","    font-family: monospace;\\n\\","    height: 10rem;\\n\\","    width: 100%;\\n\\","}\\n\\","textarea[readonly] {\\n\\","    background: #ddd;\\n\\","}\\n\\","</style>\\n\\","</head>\\n\\","<body>\\n\\","<!-- utility2-comment\\n\\","<div id=\"ajaxProgressDiv1\" style=\"background: #d00; height: 2px; left: 0; margin: 0; padding: 0; position: fixed; top: 0; transition: background 0.5s, width 1.5s; width: 25%;\"></div>\\n\\","utility2-comment -->\\n\\","<h1>\\n\\","<!-- utility2-comment\\n\\","    <a\\n\\","        {{#if env.npm_package_homepage}}\\n\\","        href=\"{{env.npm_package_homepage}}\"\\n\\","        {{/if env.npm_package_homepage}}\\n\\","        target=\"_blank\"\\n\\","    >\\n\\","utility2-comment -->\\n\\","        {{env.npm_package_name}} (v{{env.npm_package_version}})\\n\\","<!-- utility2-comment\\n\\","    </a>\\n\\","utility2-comment -->\\n\\","</h1>\\n\\","<h3>{{env.npm_package_description}}</h3>\\n\\","<!-- utility2-comment\\n\\","<h4><a download href=\"assets.app.js\">download standalone app</a></h4>\\n\\","<button class=\"onclick onreset\" id=\"testRunButton1\">run internal test</button><br>\\n\\","<div id=\"testReportDiv1\" style=\"display: none;\"></div>\\n\\","utility2-comment -->\\n\\","\\n\\","\\n\\","\\n\\","<label>stderr and stdout</label>\\n\\","<textarea class=\"resettable\" id=\"outputTextareaStdout1\" readonly></textarea>\\n\\","<!-- utility2-comment\\n\\","{{#if isRollup}}\\n\\","<script src=\"assets.app.js\"></script>\\n\\","{{#unless isRollup}}\\n\\","utility2-comment -->\\n\\","<script src=\"assets.utility2.rollup.js\"></script>\\n\\","<script src=\"jsonp.utility2._stateInit?callback=window.utility2._stateInit\"></script>\\n\\","<script src=\"assets.npmtest_node_rest_client.rollup.js\"></script>\\n\\","<script src=\"assets.example.js\"></script>\\n\\","<script src=\"assets.test.js\"></script>\\n\\","<!-- utility2-comment\\n\\","{{/if isRollup}}\\n\\","utility2-comment -->\\n\\","<div class=\"utility2FooterDiv\">\\n\\","    [ this app was created with\\n\\","    <a href=\"https://github.com/kaizhu256/node-utility2\" target=\"_blank\">utility2</a>\\n\\","    ]\\n\\","</div>\\n\\","</body>\\n\\","</html>\\n\\","';","        /* jslint-ignore-end */","        if (local.templateRender) {","            local.assetsDict['/'] = local.templateRender(","                local.assetsDict['/assets.index.template.html'],","                {","                    env: local.objectSetDefault(local.env, {","                        npm_package_description: 'the greatest app in the world!',","                        npm_package_name: 'my-app',","                        npm_package_nameAlias: 'my_app',","                        npm_package_version: '0.0.1'","                    })","                }","            );","        } else {","            local.assetsDict['/'] = local.assetsDict['/assets.index.template.html']","                .replace((/\\{\\{env\\.(\\w+?)\\}\\}/g), function (match0, match1) {","                    // jslint-hack","                    String(match0);","                    switch (match1) {","                    case 'npm_package_description':","                        return 'the greatest app in the world!';","                    case 'npm_package_name':","                        return 'my-app';","                    case 'npm_package_nameAlias':","                        return 'my_app';","                    case 'npm_package_version':","                        return '0.0.1';","                    }","                });","        }","        // run the cli","        if (local.global.utility2_rollup || module !== require.main) {","            break;","        }","        local.assetsDict['/assets.example.js'] =","            local.assetsDict['/assets.example.js'] ||","            local.fs.readFileSync(__filename, 'utf8');","        local.assetsDict['/assets.npmtest_node_rest_client.rollup.js'] =","            local.assetsDict['/assets.npmtest_node_rest_client.rollup.js'] ||","            local.fs.readFileSync(","                // buildCustomOrg-hack","                local.npmtest_node_rest_client.__dirname +","                    '/lib.npmtest_node_rest_client.js',","                'utf8'","            ).replace((/^#!/), '//');","        local.assetsDict['/favicon.ico'] = local.assetsDict['/favicon.ico'] || '';","        // if $npm_config_timeout_exit exists,","        // then exit this process after $npm_config_timeout_exit ms","        if (Number(process.env.npm_config_timeout_exit)) {","            setTimeout(process.exit, Number(process.env.npm_config_timeout_exit));","        }","        // start server","        if (local.global.utility2_serverHttp1) {","            break;","        }","        process.env.PORT = process.env.PORT || '8081';","        console.error('server starting on port ' + process.env.PORT);","        local.http.createServer(function (request, response) {","            request.urlParsed = local.url.parse(request.url);","            if (local.assetsDict[request.urlParsed.pathname] !== undefined) {","                response.end(local.assetsDict[request.urlParsed.pathname]);","                return;","            }","            response.statusCode = 404;","            response.end();","        }).listen(process.env.PORT);","        break;","    }","}());",""],"l":{"26":2,"28":2,"33":2,"35":2,"37":2,"38":2,"39":2,"44":1,"51":2,"55":2,"59":2,"61":2,"69":1,"70":2,"76":2,"79":2,"82":2,"83":2,"85":1,"89":2,"92":1,"93":1,"94":1,"96":1,"97":1,"100":1,"101":1,"103":1,"106":1,"108":2,"114":1,"116":1,"118":1,"123":1,"124":2,"125":2,"126":2,"127":2,"128":2,"129":2,"130":1,"133":2,"134":2,"139":2,"143":1,"144":3,"145":1,"149":1,"150":1,"158":1,"160":1,"161":1,"162":1,"164":1,"166":1,"258":1,"259":1,"271":1,"274":6,"275":6,"277":1,"279":2,"281":1,"283":2,"288":1,"289":1,"291":1,"294":1,"302":1,"305":1,"306":1,"309":1,"310":1,"312":1,"313":1,"314":1,"315":1,"316":1,"317":1,"318":1,"320":1,"321":1,"323":1}},"/home/travis/build/npmtest/node-npmtest-node-rest-client/node_modules/node-rest-client/lib/node-rest-client.js":{"path":"/home/travis/build/npmtest/node-npmtest-node-rest-client/node_modules/node-rest-client/lib/node-rest-client.js","s":{"1":1,"2":1,"3":0,"4":0,"5":0,"6":0,"7":0,"8":0,"9":0,"10":0,"11":0,"12":0,"13":0,"14":0,"15":0,"16":0,"17":0,"18":0,"19":0,"20":0,"21":0,"22":0,"23":0,"24":0,"25":0,"26":0,"27":0,"28":0,"29":0,"30":0,"31":0,"32":0,"33":0,"34":0,"35":0,"36":0,"37":0,"38":0,"39":0,"40":0,"41":0,"42":0,"43":0,"44":0,"45":0,"46":0,"47":0,"48":0,"49":0,"50":0,"51":0,"52":0,"53":0,"54":0,"55":0,"56":0,"57":0,"58":0,"59":0,"60":0,"61":0,"62":0,"63":0,"64":0,"65":0,"66":0,"67":0,"68":0,"69":0,"70":0,"71":1,"72":0,"73":0,"74":0,"75":0,"76":0,"77":0,"78":0,"79":0,"80":0,"81":0,"82":0,"83":0,"84":0,"85":0,"86":0,"87":0,"88":0,"89":1,"90":0,"91":0,"92":0,"93":0,"94":0,"95":0,"96":0,"97":0,"98":0,"99":0,"100":0,"101":0,"102":0,"103":0,"104":0,"105":0,"106":0,"107":0,"108":0,"109":0,"110":0,"111":0,"112":0,"113":0,"114":0,"115":0,"116":0,"117":0,"118":0,"119":0,"120":0,"121":0,"122":0,"123":0,"124":0,"125":0,"126":0,"127":0,"128":0,"129":0,"130":0,"131":0,"132":0,"133":0,"134":0,"135":0,"136":0,"137":0,"138":0,"139":0,"140":0,"141":0,"142":0,"143":0,"144":0,"145":0,"146":0,"147":0,"148":0,"149":0,"150":0,"151":0,"152":0,"153":0,"154":0,"155":0,"156":0,"157":0,"158":0,"159":0,"160":0,"161":0,"162":0,"163":0,"164":0,"165":0,"166":0,"167":0,"168":0,"169":1,"170":0,"171":0,"172":0,"173":0,"174":0,"175":0,"176":0,"177":0,"178":0,"179":0,"180":0,"181":0,"182":0,"183":0,"184":0,"185":0,"186":0,"187":0,"188":0,"189":1,"190":0,"191":0,"192":0,"193":0,"194":0,"195":0,"196":0,"197":0,"198":0,"199":0,"200":0,"201":0,"202":0,"203":0,"204":0,"205":0,"206":0,"207":0,"208":0,"209":0,"210":0,"211":0,"212":0,"213":0,"214":0,"215":0,"216":0,"217":0,"218":0,"219":0,"220":0,"221":0,"222":0,"223":0,"224":0,"225":0,"226":0,"227":0,"228":0,"229":0,"230":0,"231":0,"232":0,"233":0,"234":0,"235":0,"236":0,"237":0,"238":0,"239":0,"240":0,"241":0,"242":0,"243":0,"244":0,"245":0,"246":0,"247":0,"248":0,"249":0,"250":0,"251":0,"252":0,"253":0,"254":0,"255":0,"256":0,"257":0,"258":0,"259":0,"260":0,"261":0,"262":0,"263":0,"264":0,"265":0,"266":0,"267":0,"268":0,"269":0,"270":0,"271":0,"272":0,"273":0,"274":0,"275":0,"276":0,"277":0,"278":0,"279":0,"280":0,"281":0,"282":0,"283":0,"284":1,"285":1,"286":0,"287":0,"288":0,"289":0,"290":0},"b":{"1":[0,0],"2":[0,0],"3":[0,0],"4":[0,0],"5":[0,0],"6":[0,0],"7":[0,0],"8":[0,0],"9":[0,0],"10":[0,0],"11":[0,0],"12":[0,0],"13":[0,0],"14":[0,0],"15":[0,0],"16":[0,0],"17":[0,0],"18":[0,0],"19":[0,0],"20":[0,0],"21":[0,0],"22":[0,0],"23":[0,0],"24":[0,0],"25":[0,0],"26":[0,0],"27":[0,0],"28":[0,0],"29":[0,0],"30":[0,0],"31":[0,0],"32":[0,0],"33":[0,0],"34":[0,0],"35":[0,0],"36":[0,0],"37":[0,0],"38":[0,0],"39":[0,0],"40":[0,0],"41":[0,0],"42":[0,0],"43":[0,0,0],"44":[0,0],"45":[0,0],"46":[0,0],"47":[0,0],"48":[0,0,0,0],"49":[0,0],"50":[0,0],"51":[0,0],"52":[0,0],"53":[0,0],"54":[0,0],"55":[0,0],"56":[0,0],"57":[0,0],"58":[0,0],"59":[0,0],"60":[0,0],"61":[0,0],"62":[0,0],"63":[0,0],"64":[0,0,0],"65":[0,0],"66":[0,0,0],"67":[0,0],"68":[0,0],"69":[0,0],"70":[0,0],"71":[0,0],"72":[0,0],"73":[0,0],"74":[0,0],"75":[0,0],"76":[0,0],"77":[0,0],"78":[0,0],"79":[0,0],"80":[0,0],"81":[0,0],"82":[0,0],"83":[0,0],"84":[0,0],"85":[0,0],"86":[0,0],"87":[0,0],"88":[0,0],"89":[0,0],"90":[0,0],"91":[0,0],"92":[0,0]},"f":{"1":0,"2":0,"3":0,"4":0,"5":0,"6":0,"7":0,"8":0,"9":0,"10":0,"11":0,"12":0,"13":0,"14":0,"15":0,"16":0,"17":0,"18":0,"19":0,"20":0,"21":0,"22":0,"23":0,"24":0,"25":0,"26":0,"27":0,"28":0,"29":0,"30":0,"31":0,"32":0,"33":0,"34":0,"35":0,"36":0,"37":0,"38":0,"39":0,"40":0,"41":0,"42":0,"43":0,"44":0,"45":0,"46":0,"47":0,"48":0,"49":0,"50":0,"51":0,"52":0,"53":0,"54":0,"55":0,"56":0,"57":0,"58":0},"fnMap":{"1":{"name":"(anonymous_1)","line":9,"loc":{"start":{"line":9,"column":17},"end":{"line":9,"column":35}}},"2":{"name":"(anonymous_2)","line":17,"loc":{"start":{"line":17,"column":15},"end":{"line":17,"column":57}}},"3":{"name":"(anonymous_3)","line":19,"loc":{"start":{"line":19,"column":28},"end":{"line":19,"column":43}}},"4":{"name":"(anonymous_4)","line":20,"loc":{"start":{"line":20,"column":19},"end":{"line":20,"column":29}}},"5":{"name":"(anonymous_5)","line":71,"loc":{"start":{"line":71,"column":23},"end":{"line":71,"column":33}}},"6":{"name":"(anonymous_6)","line":79,"loc":{"start":{"line":79,"column":34},"end":{"line":79,"column":44}}},"7":{"name":"(anonymous_7)","line":85,"loc":{"start":{"line":85,"column":43},"end":{"line":85,"column":56}}},"8":{"name":"(anonymous_8)","line":92,"loc":{"start":{"line":92,"column":23},"end":{"line":92,"column":36}}},"9":{"name":"(anonymous_9)","line":102,"loc":{"start":{"line":102,"column":23},"end":{"line":102,"column":36}}},"10":{"name":"(anonymous_10)","line":114,"loc":{"start":{"line":114,"column":25},"end":{"line":114,"column":60}}},"11":{"name":"(anonymous_11)","line":201,"loc":{"start":{"line":201,"column":28},"end":{"line":201,"column":48}}},"12":{"name":"(anonymous_12)","line":216,"loc":{"start":{"line":216,"column":37},"end":{"line":216,"column":51}}},"13":{"name":"serialize","line":218,"loc":{"start":{"line":218,"column":12},"end":{"line":218,"column":44}}},"14":{"name":"(anonymous_14)","line":248,"loc":{"start":{"line":248,"column":28},"end":{"line":248,"column":46}}},"15":{"name":"(anonymous_15)","line":261,"loc":{"start":{"line":261,"column":29},"end":{"line":261,"column":67}}},"16":{"name":"validateReqResOptions","line":262,"loc":{"start":{"line":262,"column":12},"end":{"line":262,"column":56}}},"17":{"name":"(anonymous_17)","line":278,"loc":{"start":{"line":278,"column":18},"end":{"line":278,"column":70}}},"18":{"name":"(anonymous_18)","line":280,"loc":{"start":{"line":280,"column":39},"end":{"line":280,"column":56}}},"19":{"name":"(anonymous_19)","line":282,"loc":{"start":{"line":282,"column":27},"end":{"line":282,"column":48}}},"20":{"name":"(anonymous_20)","line":349,"loc":{"start":{"line":349,"column":100},"end":{"line":349,"column":124}}},"21":{"name":"(anonymous_21)","line":371,"loc":{"start":{"line":371,"column":23},"end":{"line":371,"column":42}}},"22":{"name":"(anonymous_22)","line":390,"loc":{"start":{"line":390,"column":25},"end":{"line":390,"column":45}}},"23":{"name":"(anonymous_23)","line":391,"loc":{"start":{"line":391,"column":19},"end":{"line":391,"column":48}}},"24":{"name":"(anonymous_24)","line":398,"loc":{"start":{"line":398,"column":13},"end":{"line":398,"column":34}}},"25":{"name":"(anonymous_25)","line":401,"loc":{"start":{"line":401,"column":16},"end":{"line":401,"column":39}}},"26":{"name":"(anonymous_26)","line":427,"loc":{"start":{"line":427,"column":34},"end":{"line":427,"column":61}}},"27":{"name":"(anonymous_27)","line":433,"loc":{"start":{"line":433,"column":28},"end":{"line":433,"column":42}}},"28":{"name":"(anonymous_28)","line":437,"loc":{"start":{"line":437,"column":29},"end":{"line":437,"column":49}}},"29":{"name":"(anonymous_29)","line":452,"loc":{"start":{"line":452,"column":21},"end":{"line":452,"column":53}}},"30":{"name":"(anonymous_30)","line":455,"loc":{"start":{"line":455,"column":27},"end":{"line":455,"column":44}}},"31":{"name":"(anonymous_31)","line":457,"loc":{"start":{"line":457,"column":27},"end":{"line":457,"column":48}}},"32":{"name":"(anonymous_32)","line":462,"loc":{"start":{"line":462,"column":28},"end":{"line":462,"column":64}}},"33":{"name":"(anonymous_33)","line":465,"loc":{"start":{"line":465,"column":43},"end":{"line":465,"column":53}}},"34":{"name":"(anonymous_34)","line":479,"loc":{"start":{"line":479,"column":29},"end":{"line":479,"column":64}}},"35":{"name":"(anonymous_35)","line":481,"loc":{"start":{"line":481,"column":43},"end":{"line":481,"column":53}}},"36":{"name":"(anonymous_36)","line":488,"loc":{"start":{"line":488,"column":28},"end":{"line":488,"column":45}}},"37":{"name":"configureProps","line":490,"loc":{"start":{"line":490,"column":8},"end":{"line":490,"column":59}}},"38":{"name":"(anonymous_38)","line":510,"loc":{"start":{"line":510,"column":21},"end":{"line":510,"column":50}}},"39":{"name":"(anonymous_39)","line":521,"loc":{"start":{"line":521,"column":46},"end":{"line":521,"column":68}}},"40":{"name":"(anonymous_40)","line":526,"loc":{"start":{"line":526,"column":47},"end":{"line":526,"column":68}}},"41":{"name":"(anonymous_41)","line":535,"loc":{"start":{"line":535,"column":26},"end":{"line":535,"column":53}}},"42":{"name":"(anonymous_42)","line":538,"loc":{"start":{"line":538,"column":73},"end":{"line":538,"column":93}}},"43":{"name":"(anonymous_43)","line":543,"loc":{"start":{"line":543,"column":23},"end":{"line":543,"column":37}}},"44":{"name":"(anonymous_44)","line":553,"loc":{"start":{"line":553,"column":17},"end":{"line":553,"column":44}}},"45":{"name":"(anonymous_45)","line":562,"loc":{"start":{"line":562,"column":37},"end":{"line":562,"column":64}}},"46":{"name":"(anonymous_46)","line":580,"loc":{"start":{"line":580,"column":56},"end":{"line":580,"column":69}}},"47":{"name":"(anonymous_47)","line":585,"loc":{"start":{"line":585,"column":38},"end":{"line":585,"column":53}}},"48":{"name":"(anonymous_48)","line":589,"loc":{"start":{"line":589,"column":37},"end":{"line":589,"column":47}}},"49":{"name":"(anonymous_49)","line":595,"loc":{"start":{"line":595,"column":39},"end":{"line":595,"column":52}}},"50":{"name":"(anonymous_50)","line":630,"loc":{"start":{"line":630,"column":34},"end":{"line":630,"column":47}}},"51":{"name":"(anonymous_51)","line":645,"loc":{"start":{"line":645,"column":35},"end":{"line":645,"column":46}}},"52":{"name":"(anonymous_52)","line":653,"loc":{"start":{"line":653,"column":22},"end":{"line":653,"column":49}}},"53":{"name":"(anonymous_53)","line":667,"loc":{"start":{"line":667,"column":56},"end":{"line":667,"column":69}}},"54":{"name":"(anonymous_54)","line":672,"loc":{"start":{"line":672,"column":38},"end":{"line":672,"column":53}}},"55":{"name":"(anonymous_55)","line":676,"loc":{"start":{"line":676,"column":37},"end":{"line":676,"column":47}}},"56":{"name":"(anonymous_56)","line":683,"loc":{"start":{"line":683,"column":39},"end":{"line":683,"column":52}}},"57":{"name":"(anonymous_57)","line":715,"loc":{"start":{"line":715,"column":35},"end":{"line":715,"column":48}}},"58":{"name":"(anonymous_58)","line":735,"loc":{"start":{"line":735,"column":16},"end":{"line":735,"column":26}}}},"statementMap":{"1":{"start":{"line":1,"column":0},"end":{"line":7,"column":37}},"2":{"start":{"line":9,"column":0},"end":{"line":449,"column":2}},"3":{"start":{"line":10,"column":4},"end":{"line":52,"column":6}},"4":{"start":{"line":19,"column":8},"end":{"line":28,"column":48}},"5":{"start":{"line":20,"column":12},"end":{"line":26,"column":16}},"6":{"start":{"line":21,"column":16},"end":{"line":25,"column":17}},"7":{"start":{"line":22,"column":20},"end":{"line":22,"column":56}},"8":{"start":{"line":24,"column":20},"end":{"line":24,"column":43}},"9":{"start":{"line":31,"column":4},"end":{"line":31,"column":57}},"10":{"start":{"line":32,"column":4},"end":{"line":32,"column":63}},"11":{"start":{"line":33,"column":4},"end":{"line":33,"column":59}},"12":{"start":{"line":34,"column":4},"end":{"line":34,"column":63}},"13":{"start":{"line":35,"column":4},"end":{"line":35,"column":71}},"14":{"start":{"line":36,"column":4},"end":{"line":36,"column":61}},"15":{"start":{"line":39,"column":4},"end":{"line":39,"column":65}},"16":{"start":{"line":40,"column":4},"end":{"line":40,"column":71}},"17":{"start":{"line":41,"column":4},"end":{"line":41,"column":67}},"18":{"start":{"line":42,"column":4},"end":{"line":42,"column":71}},"19":{"start":{"line":43,"column":4},"end":{"line":43,"column":79}},"20":{"start":{"line":44,"column":4},"end":{"line":44,"column":69}},"21":{"start":{"line":46,"column":4},"end":{"line":46,"column":18}},"22":{"start":{"line":55,"column":4},"end":{"line":62,"column":60}},"23":{"start":{"line":65,"column":4},"end":{"line":65,"column":20}},"24":{"start":{"line":66,"column":4},"end":{"line":66,"column":20}},"25":{"start":{"line":67,"column":4},"end":{"line":67,"column":24}},"26":{"start":{"line":71,"column":4},"end":{"line":73,"column":6}},"27":{"start":{"line":72,"column":8},"end":{"line":72,"column":39}},"28":{"start":{"line":76,"column":4},"end":{"line":76,"column":54}},"29":{"start":{"line":79,"column":4},"end":{"line":83,"column":6}},"30":{"start":{"line":80,"column":8},"end":{"line":82,"column":9}},"31":{"start":{"line":81,"column":12},"end":{"line":81,"column":36}},"32":{"start":{"line":85,"column":4},"end":{"line":87,"column":6}},"33":{"start":{"line":86,"column":8},"end":{"line":86,"column":32}},"34":{"start":{"line":91,"column":4},"end":{"line":411,"column":14}},"35":{"start":{"line":93,"column":8},"end":{"line":93,"column":30}},"36":{"start":{"line":95,"column":9},"end":{"line":98,"column":9}},"37":{"start":{"line":97,"column":12},"end":{"line":97,"column":82}},"38":{"start":{"line":100,"column":8},"end":{"line":100,"column":22}},"39":{"start":{"line":103,"column":8},"end":{"line":103,"column":23}},"40":{"start":{"line":105,"column":8},"end":{"line":107,"column":9}},"41":{"start":{"line":106,"column":12},"end":{"line":106,"column":134}},"42":{"start":{"line":109,"column":8},"end":{"line":110,"column":38}},"43":{"start":{"line":110,"column":12},"end":{"line":110,"column":38}},"44":{"start":{"line":112,"column":8},"end":{"line":112,"column":22}},"45":{"start":{"line":115,"column":8},"end":{"line":115,"column":44}},"46":{"start":{"line":116,"column":8},"end":{"line":120,"column":49}},"47":{"start":{"line":122,"column":8},"end":{"line":128,"column":10}},"48":{"start":{"line":130,"column":13},"end":{"line":130,"column":53}},"49":{"start":{"line":130,"column":32},"end":{"line":130,"column":53}},"50":{"start":{"line":133,"column":13},"end":{"line":140,"column":14}},"51":{"start":{"line":134,"column":16},"end":{"line":134,"column":82}},"52":{"start":{"line":136,"column":19},"end":{"line":140,"column":14}},"53":{"start":{"line":139,"column":17},"end":{"line":139,"column":55}},"54":{"start":{"line":143,"column":12},"end":{"line":175,"column":13}},"55":{"start":{"line":145,"column":16},"end":{"line":174,"column":18}},"56":{"start":{"line":177,"column":12},"end":{"line":181,"column":13}},"57":{"start":{"line":178,"column":16},"end":{"line":180,"column":17}},"58":{"start":{"line":179,"column":20},"end":{"line":179,"column":61}},"59":{"start":{"line":185,"column":12},"end":{"line":191,"column":13}},"60":{"start":{"line":186,"column":16},"end":{"line":188,"column":17}},"61":{"start":{"line":187,"column":20},"end":{"line":187,"column":68}},"62":{"start":{"line":190,"column":16},"end":{"line":190,"column":36}},"63":{"start":{"line":195,"column":12},"end":{"line":195,"column":54}},"64":{"start":{"line":196,"column":12},"end":{"line":196,"column":56}},"65":{"start":{"line":199,"column":12},"end":{"line":199,"column":26}},"66":{"start":{"line":202,"column":12},"end":{"line":205,"column":22}},"67":{"start":{"line":208,"column":12},"end":{"line":211,"column":13}},"68":{"start":{"line":209,"column":16},"end":{"line":209,"column":47}},"69":{"start":{"line":210,"column":16},"end":{"line":210,"column":70}},"70":{"start":{"line":213,"column":12},"end":{"line":213,"column":26}},"71":{"start":{"line":218,"column":12},"end":{"line":239,"column":13}},"72":{"start":{"line":219,"column":14},"end":{"line":219,"column":44}},"73":{"start":{"line":221,"column":14},"end":{"line":237,"column":17}},"74":{"start":{"line":223,"column":18},"end":{"line":236,"column":21}},"75":{"start":{"line":225,"column":18},"end":{"line":225,"column":132}},"76":{"start":{"line":233,"column":18},"end":{"line":235,"column":98}},"77":{"start":{"line":238,"column":20},"end":{"line":238,"column":44}},"78":{"start":{"line":241,"column":10},"end":{"line":241,"column":33}},"79":{"start":{"line":243,"column":16},"end":{"line":244,"column":131}},"80":{"start":{"line":244,"column":20},"end":{"line":244,"column":131}},"81":{"start":{"line":246,"column":16},"end":{"line":246,"column":39}},"82":{"start":{"line":249,"column":12},"end":{"line":249,"column":29}},"83":{"start":{"line":250,"column":12},"end":{"line":250,"column":48}},"84":{"start":{"line":250,"column":37},"end":{"line":250,"column":48}},"85":{"start":{"line":252,"column":12},"end":{"line":256,"column":13}},"86":{"start":{"line":253,"column":16},"end":{"line":253,"column":75}},"87":{"start":{"line":254,"column":16},"end":{"line":254,"column":70}},"88":{"start":{"line":258,"column":12},"end":{"line":258,"column":26}},"89":{"start":{"line":262,"column":12},"end":{"line":264,"column":13}},"90":{"start":{"line":263,"column":16},"end":{"line":263,"column":74}},"91":{"start":{"line":268,"column":12},"end":{"line":270,"column":13}},"92":{"start":{"line":269,"column":16},"end":{"line":269,"column":87}},"93":{"start":{"line":272,"column":12},"end":{"line":274,"column":13}},"94":{"start":{"line":273,"column":16},"end":{"line":273,"column":89}},"95":{"start":{"line":280,"column":12},"end":{"line":283,"column":18}},"96":{"start":{"line":281,"column":20},"end":{"line":281,"column":40}},"97":{"start":{"line":282,"column":20},"end":{"line":282,"column":76}},"98":{"start":{"line":282,"column":49},"end":{"line":282,"column":74}},"99":{"start":{"line":286,"column":12},"end":{"line":286,"column":108}},"100":{"start":{"line":286,"column":61},"end":{"line":286,"column":108}},"101":{"start":{"line":289,"column":12},"end":{"line":289,"column":96}},"102":{"start":{"line":290,"column":12},"end":{"line":290,"column":49}},"103":{"start":{"line":291,"column":12},"end":{"line":294,"column":51}},"104":{"start":{"line":296,"column":12},"end":{"line":296,"column":35}},"105":{"start":{"line":297,"column":12},"end":{"line":297,"column":74}},"106":{"start":{"line":299,"column":12},"end":{"line":358,"column":13}},"107":{"start":{"line":300,"column":16},"end":{"line":300,"column":32}},"108":{"start":{"line":302,"column":16},"end":{"line":304,"column":17}},"109":{"start":{"line":303,"column":20},"end":{"line":303,"column":73}},"110":{"start":{"line":305,"column":19},"end":{"line":358,"column":13}},"111":{"start":{"line":310,"column":16},"end":{"line":317,"column":17}},"112":{"start":{"line":311,"column":20},"end":{"line":315,"column":21}},"113":{"start":{"line":312,"column":24},"end":{"line":314,"column":25}},"114":{"start":{"line":313,"column":28},"end":{"line":313,"column":83}},"115":{"start":{"line":321,"column":16},"end":{"line":340,"column":15}},"116":{"start":{"line":328,"column":18},"end":{"line":329,"column":70}},"117":{"start":{"line":331,"column":18},"end":{"line":332,"column":132}},"118":{"start":{"line":332,"column":19},"end":{"line":332,"column":132}},"119":{"start":{"line":334,"column":15},"end":{"line":334,"column":81}},"120":{"start":{"line":338,"column":18},"end":{"line":338,"column":105}},"121":{"start":{"line":339,"column":18},"end":{"line":339,"column":82}},"122":{"start":{"line":344,"column":16},"end":{"line":344,"column":56}},"123":{"start":{"line":348,"column":16},"end":{"line":355,"column":17}},"124":{"start":{"line":349,"column":20},"end":{"line":352,"column":23}},"125":{"start":{"line":350,"column":24},"end":{"line":350,"column":54}},"126":{"start":{"line":351,"column":24},"end":{"line":351,"column":115}},"127":{"start":{"line":354,"column":20},"end":{"line":354,"column":73}},"128":{"start":{"line":361,"column":12},"end":{"line":361,"column":50}},"129":{"start":{"line":362,"column":12},"end":{"line":362,"column":52}},"130":{"start":{"line":364,"column":12},"end":{"line":369,"column":13}},"131":{"start":{"line":365,"column":16},"end":{"line":365,"column":55}},"132":{"start":{"line":368,"column":16},"end":{"line":368,"column":56}},"133":{"start":{"line":374,"column":9},"end":{"line":374,"column":27}},"134":{"start":{"line":376,"column":12},"end":{"line":388,"column":13}},"135":{"start":{"line":377,"column":13},"end":{"line":387,"column":11}},"136":{"start":{"line":378,"column":14},"end":{"line":384,"column":18}},"137":{"start":{"line":379,"column":18},"end":{"line":379,"column":54}},"138":{"start":{"line":380,"column":18},"end":{"line":380,"column":55}},"139":{"start":{"line":381,"column":23},"end":{"line":384,"column":18}},"140":{"start":{"line":382,"column":18},"end":{"line":382,"column":53}},"141":{"start":{"line":383,"column":15},"end":{"line":383,"column":51}},"142":{"start":{"line":386,"column":11},"end":{"line":386,"column":93}},"143":{"start":{"line":391,"column":12},"end":{"line":395,"column":14}},"144":{"start":{"line":392,"column":16},"end":{"line":392,"column":56}},"145":{"start":{"line":393,"column":16},"end":{"line":393,"column":91}},"146":{"start":{"line":394,"column":16},"end":{"line":394,"column":37}},"147":{"start":{"line":399,"column":8},"end":{"line":399,"column":52}},"148":{"start":{"line":401,"column":8},"end":{"line":410,"column":18}},"149":{"start":{"line":402,"column":12},"end":{"line":402,"column":34}},"150":{"start":{"line":404,"column":20},"end":{"line":407,"column":21}},"151":{"start":{"line":405,"column":24},"end":{"line":405,"column":40}},"152":{"start":{"line":406,"column":24},"end":{"line":406,"column":34}},"153":{"start":{"line":409,"column":20},"end":{"line":409,"column":68}},"154":{"start":{"line":416,"column":12},"end":{"line":416,"column":52}},"155":{"start":{"line":418,"column":12},"end":{"line":418,"column":54}},"156":{"start":{"line":420,"column":12},"end":{"line":420,"column":52}},"157":{"start":{"line":422,"column":12},"end":{"line":422,"column":58}},"158":{"start":{"line":424,"column":12},"end":{"line":424,"column":56}},"159":{"start":{"line":427,"column":12},"end":{"line":431,"column":6}},"160":{"start":{"line":430,"column":8},"end":{"line":430,"column":52}},"161":{"start":{"line":433,"column":4},"end":{"line":435,"column":6}},"162":{"start":{"line":434,"column":8},"end":{"line":434,"column":34}},"163":{"start":{"line":437,"column":4},"end":{"line":439,"column":6}},"164":{"start":{"line":438,"column":8},"end":{"line":438,"column":75}},"165":{"start":{"line":441,"column":4},"end":{"line":441,"column":36}},"166":{"start":{"line":443,"column":4},"end":{"line":443,"column":44}},"167":{"start":{"line":446,"column":4},"end":{"line":446,"column":40}},"168":{"start":{"line":447,"column":4},"end":{"line":447,"column":44}},"169":{"start":{"line":452,"column":0},"end":{"line":728,"column":6}},"170":{"start":{"line":454,"column":4},"end":{"line":458,"column":18}},"171":{"start":{"line":456,"column":20},"end":{"line":456,"column":40}},"172":{"start":{"line":457,"column":20},"end":{"line":457,"column":76}},"173":{"start":{"line":457,"column":49},"end":{"line":457,"column":74}},"174":{"start":{"line":462,"column":4},"end":{"line":477,"column":6}},"175":{"start":{"line":464,"column":8},"end":{"line":468,"column":9}},"176":{"start":{"line":465,"column":12},"end":{"line":467,"column":15}},"177":{"start":{"line":466,"column":16},"end":{"line":466,"column":57}},"178":{"start":{"line":471,"column":8},"end":{"line":472,"column":43}},"179":{"start":{"line":472,"column":12},"end":{"line":472,"column":43}},"180":{"start":{"line":474,"column":8},"end":{"line":475,"column":78}},"181":{"start":{"line":475,"column":12},"end":{"line":475,"column":78}},"182":{"start":{"line":479,"column":4},"end":{"line":486,"column":6}},"183":{"start":{"line":480,"column":8},"end":{"line":485,"column":9}},"184":{"start":{"line":481,"column":12},"end":{"line":484,"column":15}},"185":{"start":{"line":482,"column":16},"end":{"line":482,"column":58}},"186":{"start":{"line":483,"column":16},"end":{"line":483,"column":28}},"187":{"start":{"line":488,"column":4},"end":{"line":508,"column":6}},"188":{"start":{"line":489,"column":8},"end":{"line":489,"column":70}},"189":{"start":{"line":490,"column":8},"end":{"line":495,"column":9}},"190":{"start":{"line":491,"column":12},"end":{"line":494,"column":13}},"191":{"start":{"line":492,"column":16},"end":{"line":493,"column":83}},"192":{"start":{"line":493,"column":20},"end":{"line":493,"column":83}},"193":{"start":{"line":498,"column":8},"end":{"line":498,"column":68}},"194":{"start":{"line":503,"column":8},"end":{"line":503,"column":32}},"195":{"start":{"line":504,"column":8},"end":{"line":504,"column":37}},"196":{"start":{"line":505,"column":8},"end":{"line":505,"column":37}},"197":{"start":{"line":506,"column":8},"end":{"line":506,"column":38}},"198":{"start":{"line":507,"column":8},"end":{"line":507,"column":46}},"199":{"start":{"line":510,"column":4},"end":{"line":533,"column":6}},"200":{"start":{"line":512,"column":8},"end":{"line":514,"column":51}},"201":{"start":{"line":516,"column":8},"end":{"line":516,"column":41}},"202":{"start":{"line":517,"column":8},"end":{"line":517,"column":45}},"203":{"start":{"line":519,"column":8},"end":{"line":532,"column":9}},"204":{"start":{"line":520,"column":12},"end":{"line":520,"column":28}},"205":{"start":{"line":521,"column":12},"end":{"line":523,"column":15}},"206":{"start":{"line":522,"column":16},"end":{"line":522,"column":60}},"207":{"start":{"line":524,"column":14},"end":{"line":532,"column":9}},"208":{"start":{"line":525,"column":12},"end":{"line":525,"column":29}},"209":{"start":{"line":526,"column":12},"end":{"line":528,"column":15}},"210":{"start":{"line":527,"column":16},"end":{"line":527,"column":59}},"211":{"start":{"line":530,"column":12},"end":{"line":530,"column":36}},"212":{"start":{"line":531,"column":12},"end":{"line":531,"column":68}},"213":{"start":{"line":535,"column":4},"end":{"line":541,"column":6}},"214":{"start":{"line":538,"column":8},"end":{"line":540,"column":11}},"215":{"start":{"line":539,"column":12},"end":{"line":539,"column":37}},"216":{"start":{"line":543,"column":4},"end":{"line":551,"column":6}},"217":{"start":{"line":544,"column":8},"end":{"line":544,"column":19}},"218":{"start":{"line":545,"column":8},"end":{"line":549,"column":9}},"219":{"start":{"line":546,"column":12},"end":{"line":546,"column":26}},"220":{"start":{"line":548,"column":12},"end":{"line":548,"column":42}},"221":{"start":{"line":550,"column":8},"end":{"line":550,"column":22}},"222":{"start":{"line":553,"column":4},"end":{"line":651,"column":10}},"223":{"start":{"line":555,"column":8},"end":{"line":555,"column":45}},"224":{"start":{"line":558,"column":12},"end":{"line":559,"column":24}},"225":{"start":{"line":562,"column":12},"end":{"line":642,"column":15}},"226":{"start":{"line":563,"column":16},"end":{"line":563,"column":48}},"227":{"start":{"line":567,"column":16},"end":{"line":567,"column":40}},"228":{"start":{"line":569,"column":16},"end":{"line":573,"column":56}},"229":{"start":{"line":575,"column":16},"end":{"line":575,"column":47}},"230":{"start":{"line":578,"column":16},"end":{"line":578,"column":48}},"231":{"start":{"line":580,"column":16},"end":{"line":607,"column":23}},"232":{"start":{"line":582,"column":24},"end":{"line":582,"column":82}},"233":{"start":{"line":585,"column":24},"end":{"line":587,"column":27}},"234":{"start":{"line":586,"column":28},"end":{"line":586,"column":59}},"235":{"start":{"line":589,"column":24},"end":{"line":591,"column":27}},"236":{"start":{"line":590,"column":28},"end":{"line":590,"column":64}},"237":{"start":{"line":595,"column":24},"end":{"line":606,"column":27}},"238":{"start":{"line":596,"column":28},"end":{"line":605,"column":29}},"239":{"start":{"line":598,"column":32},"end":{"line":598,"column":60}},"240":{"start":{"line":599,"column":32},"end":{"line":599,"column":52}},"241":{"start":{"line":601,"column":32},"end":{"line":601,"column":64}},"242":{"start":{"line":604,"column":32},"end":{"line":604,"column":57}},"243":{"start":{"line":613,"column":16},"end":{"line":613,"column":76}},"244":{"start":{"line":614,"column":16},"end":{"line":614,"column":54}},"245":{"start":{"line":623,"column":15},"end":{"line":623,"column":59}},"246":{"start":{"line":623,"column":31},"end":{"line":623,"column":59}},"247":{"start":{"line":625,"column":16},"end":{"line":625,"column":30}},"248":{"start":{"line":630,"column":15},"end":{"line":641,"column":18}},"249":{"start":{"line":631,"column":19},"end":{"line":640,"column":20}},"250":{"start":{"line":633,"column":23},"end":{"line":633,"column":51}},"251":{"start":{"line":636,"column":23},"end":{"line":636,"column":55}},"252":{"start":{"line":639,"column":23},"end":{"line":639,"column":48}},"253":{"start":{"line":645,"column":12},"end":{"line":647,"column":15}},"254":{"start":{"line":646,"column":16},"end":{"line":646,"column":39}},"255":{"start":{"line":649,"column":12},"end":{"line":649,"column":30}},"256":{"start":{"line":653,"column":8},"end":{"line":727,"column":10}},"257":{"start":{"line":655,"column":12},"end":{"line":660,"column":24}},"258":{"start":{"line":662,"column":16},"end":{"line":662,"column":47}},"259":{"start":{"line":665,"column":16},"end":{"line":665,"column":48}},"260":{"start":{"line":667,"column":16},"end":{"line":695,"column":23}},"261":{"start":{"line":669,"column":24},"end":{"line":669,"column":82}},"262":{"start":{"line":672,"column":24},"end":{"line":674,"column":27}},"263":{"start":{"line":673,"column":28},"end":{"line":673,"column":59}},"264":{"start":{"line":676,"column":24},"end":{"line":680,"column":27}},"265":{"start":{"line":678,"column":28},"end":{"line":678,"column":64}},"266":{"start":{"line":683,"column":24},"end":{"line":694,"column":27}},"267":{"start":{"line":684,"column":28},"end":{"line":693,"column":29}},"268":{"start":{"line":686,"column":32},"end":{"line":686,"column":60}},"269":{"start":{"line":687,"column":32},"end":{"line":687,"column":51}},"270":{"start":{"line":689,"column":32},"end":{"line":689,"column":64}},"271":{"start":{"line":692,"column":32},"end":{"line":692,"column":57}},"272":{"start":{"line":699,"column":16},"end":{"line":699,"column":76}},"273":{"start":{"line":700,"column":16},"end":{"line":700,"column":53}},"274":{"start":{"line":702,"column":16},"end":{"line":702,"column":54}},"275":{"start":{"line":704,"column":16},"end":{"line":704,"column":52}},"276":{"start":{"line":710,"column":16},"end":{"line":710,"column":60}},"277":{"start":{"line":710,"column":32},"end":{"line":710,"column":60}},"278":{"start":{"line":711,"column":16},"end":{"line":711,"column":30}},"279":{"start":{"line":715,"column":16},"end":{"line":726,"column":19}},"280":{"start":{"line":716,"column":20},"end":{"line":725,"column":21}},"281":{"start":{"line":718,"column":24},"end":{"line":718,"column":52}},"282":{"start":{"line":721,"column":24},"end":{"line":721,"column":56}},"283":{"start":{"line":724,"column":24},"end":{"line":724,"column":49}},"284":{"start":{"line":732,"column":4},"end":{"line":732,"column":55}},"285":{"start":{"line":735,"column":4},"end":{"
[...]
bject.assign({","\t\"name\":\"JSON\",\t","\t\"contentTypes\":[\"application/json\",\"application/json;charset=utf-8\"],","\t\"isValidData\":function(data){","\t\treturn data !== undefined && (data.length !== undefined && data.length > 0);","\t},\t","\t\"parse\":function(byteBuffer,nrcEventEmitter,parsedCallback){","\t\tvar jsonData,","\t\tdata = byteBuffer.toString();","","\t\ttry {","\t\t\tjsonData = this.isValidData(data)?JSON.parse(data):data;","\t\t} catch (err) {","                // Something went wrong when parsing json. This can happen","                // for many reasons, including a bad implementation on the","                // server.","                nrcEventEmitter('error','Error parsing response. response: [' +data + '], error: [' + err + ']');","            }","            parsedCallback(jsonData);","        }","    },BaseParser));","","","parserManager.add({","\t\"name\":\"DEFAULT\",","\t\"isDefault\":true,","\t\"parse\":function(byteBuffer,nrcEventEmitter,parsedCallback){","\t\tparsedCallback(byteBuffer);","\t}","});","","return parserManager;","}",""],"l":{"1":1,"2":0,"4":0,"7":1,"8":0,"9":0,"10":0,"11":0,"12":0,"13":0,"17":0,"21":0,"25":0,"26":0,"29":0,"33":0,"34":0,"35":0,"37":0,"38":0,"40":0,"44":0,"45":0,"46":0,"47":0,"49":0,"52":0,"53":0,"56":0,"57":0,"58":0,"59":0,"61":0,"64":0,"65":0,"68":0,"69":0,"70":0,"71":0,"72":0,"73":0,"77":0,"80":0,"81":0,"82":0,"83":0,"85":0,"90":1,"92":0,"94":0,"97":0,"100":0,"102":0,"103":0,"104":0,"107":0,"112":0,"118":0,"119":0,"124":0,"128":0,"131":0,"134":0,"135":0,"140":0,"142":0,"147":0,"151":0,"155":0}},"/home/travis/build/npmtest/node-npmtest-node-rest-client/node_modules/node-rest-client/lib/nrc-serializer-manager.js":{"path":"/home/travis/build/npmtest/node-npmtest-node-rest-client/node_modules/node-rest-client/lib/nrc-serializer-manager.js","s":{"1":1,"2":1,"3":0,"4":0,"5":1,"6":0,"7":0,"8":0,"9":0,"10":0,"11":0,"12":0,"13":0,"14":0,"15":0,"16":0,"17":0,"18":0,"19":0,"20":0,"21":0,"22":0,"23":0,"24":0,"25":0,"26":0,"27":0,"28":0,"29":0,"30":0,"31":0,"32":0,"33":0,"34":0,"35":0,"36":0,"37":0,"38":0,"39":0,"40":0,"41":0,"42":0,"43":0,"44":0,"45":0,"46":0,"47":0,"48":0,"49":1,"50":0,"51":0,"52":0,"53":0,"54":0,"55":0,"56":0,"57":0,"58":0,"59":0,"60":0,"61":0,"62":0,"63":0,"64":0,"65":0,"66":0,"67":0,"68":0,"69":0,"70":0,"71":0,"72":0,"73":0,"74":0,"75":0,"76":0,"77":0,"78":0,"79":0,"80":0},"b":{"1":[0,0],"2":[0,0],"3":[0,0],"4":[0,0],"5":[0,0],"6":[0,0],"7":[0,0],"8":[0,0],"9":[0,0],"10":[0,0],"11":[0,0],"12":[0,0],"13":[0,0],"14":[0,0],"15":[0,0],"16":[0,0],"17":[0,0],"18":[0,0],"19":[0,0],"20":[0,0]},"f":{"1":0,"2":0,"3":0,"4":0,"5":0,"6":0,"7":0,"8":0,"9":0,"10":0,"11":0,"12":0,"13":0,"14":0,"15":0,"16":0,"17":0},"fnMap":{"1":{"name":"(anonymous_1)","line":3,"loc":{"start":{"line":3,"column":24},"end":{"line":3,"column":34}}},"2":{"name":"(anonymous_2)","line":7,"loc":{"start":{"line":7,"column":13},"end":{"line":7,"column":33}}},"3":{"name":"validateProperties","line":9,"loc":{"start":{"line":9,"column":3},"end":{"line":9,"column":49}}},"4":{"name":"(anonymous_4)","line":35,"loc":{"start":{"line":35,"column":12},"end":{"line":35,"column":32}}},"5":{"name":"(anonymous_5)","line":46,"loc":{"start":{"line":46,"column":15},"end":{"line":46,"column":39}}},"6":{"name":"(anonymous_6)","line":54,"loc":{"start":{"line":54,"column":13},"end":{"line":54,"column":37}}},"7":{"name":"(anonymous_7)","line":63,"loc":{"start":{"line":63,"column":14},"end":{"line":63,"column":24}}},"8":{"name":"(anonymous_8)","line":67,"loc":{"start":{"line":67,"column":12},"end":{"line":67,"column":29}}},"9":{"name":"(anonymous_9)","line":79,"loc":{"start":{"line":79,"column":13},"end":{"line":79,"column":23}}},"10":{"name":"(anonymous_10)","line":87,"loc":{"start":{"line":87,"column":19},"end":{"line":87,"column":29}}},"11":{"name":"(anonymous_11)","line":95,"loc":{"start":{"line":95,"column":17},"end":{"line":95,"column":27}}},"12":{"name":"(anonymous_12)","line":101,"loc":{"start":{"line":101,"column":9},"end":{"line":101,"column":26}}},"13":{"name":"(anonymous_13)","line":123,"loc":{"start":{"line":123,"column":13},"end":{"line":123,"column":62}}},"14":{"name":"(anonymous_14)","line":135,"loc":{"start":{"line":135,"column":13},"end":{"line":135,"column":62}}},"15":{"name":"(anonymous_15)","line":146,"loc":{"start":{"line":146,"column":10},"end":{"line":146,"column":33}}},"16":{"name":"(anonymous_16)","line":165,"loc":{"start":{"line":165,"column":13},"end":{"line":165,"column":62}}},"17":{"name":"(anonymous_17)","line":177,"loc":{"start":{"line":177,"column":13},"end":{"line":177,"column":62}}}},"statementMap":{"1":{"start":{"line":1,"column":0},"end":{"line":1,"column":38}},"2":{"start":{"line":3,"column":0},"end":{"line":90,"column":2}},"3":{"start":{"line":4,"column":1},"end":{"line":4,"column":43}},"4":{"start":{"line":6,"column":1},"end":{"line":33,"column":3}},"5":{"start":{"line":9,"column":3},"end":{"line":20,"column":4}},"6":{"start":{"line":10,"column":4},"end":{"line":10,"column":22}},"7":{"start":{"line":11,"column":4},"end":{"line":17,"column":5}},"8":{"start":{"line":12,"column":5},"end":{"line":12,"column":49}},"9":{"start":{"line":13,"column":5},"end":{"line":16,"column":6}},"10":{"start":{"line":14,"column":6},"end":{"line":14,"column":21}},"11":{"start":{"line":15,"column":6},"end":{"line":15,"column":12}},"12":{"start":{"line":19,"column":4},"end":{"line":19,"column":18}},"13":{"start":{"line":23,"column":3},"end":{"line":23,"column":100}},"14":{"start":{"line":27,"column":3},"end":{"line":28,"column":63}},"15":{"start":{"line":28,"column":4},"end":{"line":28,"column":63}},"16":{"start":{"line":31,"column":3},"end":{"line":31,"column":17}},"17":{"start":{"line":35,"column":1},"end":{"line":44,"column":3}},"18":{"start":{"line":36,"column":2},"end":{"line":37,"column":69}},"19":{"start":{"line":37,"column":3},"end":{"line":37,"column":69}},"20":{"start":{"line":39,"column":2},"end":{"line":43,"column":3}},"21":{"start":{"line":40,"column":3},"end":{"line":40,"column":34}},"22":{"start":{"line":42,"column":3},"end":{"line":42,"column":42}},"23":{"start":{"line":46,"column":1},"end":{"line":52,"column":3}},"24":{"start":{"line":47,"column":2},"end":{"line":47,"column":40}},"25":{"start":{"line":48,"column":2},"end":{"line":49,"column":74}},"26":{"start":{"line":49,"column":3},"end":{"line":49,"column":74}},"27":{"start":{"line":51,"column":2},"end":{"line":51,"column":34}},"28":{"start":{"line":54,"column":1},"end":{"line":60,"column":3}},"29":{"start":{"line":55,"column":2},"end":{"line":55,"column":40}},"30":{"start":{"line":56,"column":2},"end":{"line":57,"column":72}},"31":{"start":{"line":57,"column":3},"end":{"line":57,"column":72}},"32":{"start":{"line":59,"column":2},"end":{"line":59,"column":16}},"33":{"start":{"line":63,"column":1},"end":{"line":65,"column":3}},"34":{"start":{"line":64,"column":2},"end":{"line":64,"column":14}},"35":{"start":{"line":67,"column":1},"end":{"line":77,"column":3}},"36":{"start":{"line":68,"column":2},"end":{"line":68,"column":20}},"37":{"start":{"line":69,"column":2},"end":{"line":74,"column":3}},"38":{"start":{"line":70,"column":3},"end":{"line":73,"column":4}},"39":{"start":{"line":71,"column":4},"end":{"line":71,"column":38}},"40":{"start":{"line":72,"column":4},"end":{"line":72,"column":10}},"41":{"start":{"line":76,"column":2},"end":{"line":76,"column":52}},"42":{"start":{"line":79,"column":1},"end":{"line":85,"column":3}},"43":{"start":{"line":80,"column":2},"end":{"line":80,"column":18}},"44":{"start":{"line":81,"column":2},"end":{"line":83,"column":3}},"45":{"start":{"line":82,"column":3},"end":{"line":82,"column":41}},"46":{"start":{"line":84,"column":2},"end":{"line":84,"column":16}},"47":{"start":{"line":87,"column":1},"end":{"line":89,"column":3}},"48":{"start":{"line":88,"column":2},"end":{"line":88,"column":27}},"49":{"start":{"line":95,"column":0},"end":{"line":185,"column":2}},"50":{"start":{"line":97,"column":0},"end":{"line":97,"column":48}},"51":{"start":{"line":99,"column":0},"end":{"line":114,"column":2}},"52":{"start":{"line":102,"column":2},"end":{"line":103,"column":101}},"53":{"start":{"line":105,"column":2},"end":{"line":105,"column":34}},"54":{"start":{"line":105,"column":20},"end":{"line":105,"column":34}},"55":{"start":{"line":107,"column":2},"end":{"line":110,"column":3}},"56":{"start":{"line":108,"column":3},"end":{"line":108,"column":91}},"57":{"start":{"line":109,"column":3},"end":{"line":109,"column":21}},"58":{"start":{"line":109,"column":15},"end":{"line":109,"column":21}},"59":{"start":{"line":112,"column":2},"end":{"line":112,"column":16}},"60":{"start":{"line":118,"column":0},"end":{"line":130,"column":19}},"61":{"start":{"line":124,"column":2},"end":{"line":125,"column":42}},"62":{"start":{"line":125,"column":3},"end":{"line":125,"column":42}},"63":{"start":{"line":127,"column":2},"end":{"line":127,"column":27}},"64":{"start":{"line":132,"column":0},"end":{"line":140,"column":19}},"65":{"start":{"line":136,"column":2},"end":{"line":137,"column":31}},"66":{"start":{"line":137,"column":3},"end":{"line":137,"column":31}},"67":{"start":{"line":138,"column":2},"end":{"line":138,"column":27}},"68":{"start":{"line":143,"column":0},"end":{"line":171,"column":20}},"69":{"start":{"line":147,"column":14},"end":{"line":147,"column":44}},"70":{"start":{"line":149,"column":14},"end":{"line":162,"column":17}},"71":{"start":{"line":151,"column":18},"end":{"line":161,"column":21}},"72":{"start":{"line":153,"column":18},"end":{"line":153,"column":132}},"73":{"start":{"line":158,"column":18},"end":{"line":160,"column":98}},"74":{"start":{"line":163,"column":20},"end":{"line":163,"column":44}},"75":{"start":{"line":166,"column":2},"end":{"line":167,"column":28}},"76":{"start":{"line":167,"column":3},"end":{"line":167,"column":28}},"77":{"start":{"line":169,"column":2},"end":{"line":169,"column":27}},"78":{"start":{"line":174,"column":0},"end":{"line":181,"column":3}},"79":{"start":{"line":179,"column":2},"end":{"line":179,"column":38}},"80":{"start":{"line":183,"column":0},"end":{"line":183,"column":25}}},"branchMap":{"1":{"line":13,"type":"if","locations":[{"start":{"line":13,"column":5},"end":{"line":13,"column":5}},{"start":{"line":13,"column":5},"end":{"line":13,"column":5}}]},"2":{"line":13,"type":"binary-expr","locations":[{"start":{"line":13,"column":9},"end":{"line":13,"column":50}},{"start":{"line":13,"column":54},"end":{"line":13,"column":100}}]},"3":{"line":27,"type":"if","locations":[{"start":{"line":27,"column":3},"end":{"line":27,"column":3}},{"start":{"line":27,"column":3},"end":{"line":27,"column":3}}]},"4":{"line":27,"type":"binary-expr","locations":[{"start":{"line":27,"column":7},"end":{"line":27,"column":13}},{"start":{"line":27,"column":17},"end":{"line":27,"column":38}}]},"5":{"line":36,"type":"if","locations":[{"start":{"line":36,"column":2},"end":{"line":36,"column":2}},{"start":{"line":36,"column":2},"end":{"line":36,"column":2}}]},"6":{"line":39,"type":"if","locations":[{"start":{"line":39,"column":2},"end":{"line":39,"column":2}},{"start":{"line":39,"column":2},"end":{"line":39,"column":2}}]},"7":{"line":48,"type":"if","locations":[{"start":{"line":48,"column":2},"end":{"line":48,"column":2}},{"start":{"line":48,"column":2},"end":{"line":48,"column":2}}]},"8":{"line":56,"type":"if","locations":[{"start":{"line":56,"column":2},"end":{"line":56,"column":2}},{"start":{"line":56,"column":2},"end":{"line":56,"column":2}}]},"9":{"line":70,"type":"if","locations":[{"start":{"line":70,"column":3},"end":{"line":70,"column":3}},{"start":{"line":70,"column":3},"end":{"line":70,"column":3}}]},"10":{"line":76,"type":"cond-expr","locations":[{"start":{"line":76,"column":27},"end":{"line":76,"column":44}},{"start":{"line":76,"column":45},"end":{"line":76,"column":51}}]},"11":{"line":103,"type":"binary-expr","locations":[{"start":{"line":103,"column":16},"end":{"line":103,"column":47}},{"start":{"line":103,"column":51},"end":{"line":103,"column":100}}]},"12":{"line":105,"type":"if","locations":[{"start":{"line":105,"column":2},"end":{"line":105,"column":2}},{"start":{"line":105,"column":2},"end":{"line":105,"column":2}}]},"13":{"line":109,"type":"if","locations":[{"start":{"line":109,"column":3},"end":{"line":109,"column":3}},{"start":{"line":109,"column":3},"end":{"line":109,"column":3}}]},"14":{"line":124,"type":"if","locations":[{"start":{"line":124,"column":2},"end":{"line":124,"column":2}},{"start":{"line":124,"column":2},"end":{"line":124,"column":2}}]},"15":{"line":136,"type":"if","locations":[{"start":{"line":136,"column":2},"end":{"line":136,"column":2}},{"start":{"line":136,"column":2},"end":{"line":136,"column":2}}]},"16":{"line":151,"type":"if","locations":[{"start":{"line":151,"column":18},"end":{"line":151,"column":18}},{"start":{"line":151,"column":18},"end":{"line":151,"column":18}}]},"17":{"line":153,"type":"cond-expr","locations":[{"start":{"line":153,"column":48},"end":{"line":153,"column":81}},{"start":{"line":153,"column":84},"end":{"line":153,"column":96}}]},"18":{"line":158,"type":"cond-expr","locations":[{"start":{"line":159,"column":20},"end":{"line":159,"column":60}},{"start":{"line":160,"column":20},"end":{"line":160,"column":96}}]},"19":{"line":158,"type":"binary-expr","locations":[{"start":{"line":158,"column":31},"end":{"line":158,"column":53}},{"start":{"line":158,"column":57},"end":{"line":158,"column":90}}]},"20":{"line":166,"type":"if","locations":[{"start":{"line":166,"column":2},"end":{"line":166,"column":2}},{"start":{"line":166,"column":2},"end":{"line":166,"column":2}}]}},"code":["var xmlserializer = require('xml2js');","","var SerializerManager = function(){","\tvar registry={}, defaultSerializer = null;","","\tvar _private={","\t\t\"validate\":function(serializer){","","\t\t\tfunction validateProperties(serializer, props){","\t\t\t\tvar result = true;","\t\t\t\tfor (var propIndex in props){","\t\t\t\t\tvar propType  = props[propIndex].split(\":\");","\t\t\t\t\tif (!serializer.hasOwnProperty([propType[0]]) || typeof serializer[propType[0]] !== propType[1]){","\t\t\t\t\t\tresult = false;","\t\t\t\t\t\tbreak;","\t\t\t\t\t}","\t\t\t\t}","","\t\t\t\treturn result;","\t\t\t}","","","\t\t\tresult = validateProperties(serializer,[\"name:string\",\"serialize:function\",\"isDefault:boolean\"]);","","\t\t\t// valid  serializer, check if its not default request serializer, to validate non","\t\t\t// default serializer props","\t\t\tif (result && !serializer.isDefault)","\t\t\t\tresult = validateProperties(serializer,[\"match:function\"]);","\t\t\t","","\t\t\treturn result;","\t\t}","\t};","","\tthis.add = function(serializer){","\t\tif (!_private.validate(serializer))","\t\t\tthrow \"serializer cannot be added: invalid serializer definition\";","","\t\tif (serializer.isDefault){","\t\t\tdefaultSerializer = serializer;","\t\t}else{","\t\t\tregistry[serializer.name] = serializer;","\t\t}","\t};","","\tthis.remove = function(serializerName){","\t\tvar result = registry[serializerName];","\t\tif (!result)","\t\t\tthrow \"cannot remove serializer: \" + serializerName +\" doesn't exists\";","","\t\tdelete registry[serializerName];","\t};","","\tthis.find = function(serializerName){","\t\tvar result = registry[serializerName];","\t\tif (!result)","\t\t\tthrow \"cannot find serializer: \" + serializerName +\" doesn't exists\";","","\t\treturn result;","\t};","\t","\t","\tthis.clean = function(){","\t\tregistry={};","\t};","","\tthis.get = function(request){","\t\tvar result = null;","\t\tfor (var serializerName in registry){","\t\t\tif (registry[serializerName].match(request)){","\t\t\t\tresult = registry[serializerName];","\t\t\t\tbreak;","\t\t\t}","\t\t}","\t\t// if serializer not found return default serializer, else serializer found","\t\treturn (result === null)?defaultSerializer:result;","\t};","","\tthis.getAll=function(){","\t\tvar result = [];\t\t","\t\tfor (var serializerName in registry){","\t\t\tresult.push(registry[serializerName]);","\t\t}","\t\treturn result;","\t};","","\tthis.getDefault = function(){","\t\treturn defaultSerializer;","\t};","};","","","","","module.exports = function(){","","var serializerManager = new SerializerManager();","","var BaseSerializer ={","\t\"isDefault\":false,\t\t","\t\"match\":function(request){","\t\tvar result = false,","\t\tcontentType = request.headers[\"Content-Type\"] && request.headers[\"Content-Type\"].replace(/ /g, '');","","\t\tif (!contentType) return result;","","\t\tfor (var i=0; i<this.contentTypes.length;i++){","\t\t\tresult = this.contentTypes[i].trim().toLowerCase() === contentType.trim().toLowerCase();","\t\t\tif (result) break;","\t\t}","","\t\treturn result;","\t}","};","","","//add default serializer managers: JSON,XML and unknown content/type","serializerManager.add(Object.assign({","\t\"name\":\"XML\",","\t\"options\":{},\t","\t\"contentTypes\":[\"application/xml\",\"application/xml;charset=utf-8\",\"text/xml\",\"text/xml;charset=utf-8\"],","\t\"xmlSerializer\":new xmlserializer.Builder(this.options),\t","\t\"serialize\":function(data,nrcEventEmitter,serializedCallback){","\t\tif (typeof data === 'object')","\t\t\tdata = xmlSerializer.buildObject(data);","","\t\tserializedCallback(data);","\t","\t}","},BaseSerializer));","","serializerManager.add(Object.assign({","\t\"name\":\"JSON\",\t","\t\"contentTypes\":[\"application/json\",\"application/json;charset=utf-8\"],\t","\t\"serialize\":function(data,nrcEventEmitter,serializedCallback){","\t\tif(typeof data === 'object')","\t\t\tdata = JSON.stringify(data);","\t\tserializedCallback(data);","    }","},BaseSerializer));","","","serializerManager.add(Object.assign({","\t\"name\":\"FORM-ENCODED\",","\t\"contentTypes\":[\"application/x-www-form-urlencoded\",\"multipart/form-data\",\"text/plain\"],","\t\"encode\":function (obj, parent) {","              var tokens = [], propertyName;","              //iterate over all properties","              for(propertyName in obj) {","                  //if object has property (it's not an array iteration)","                  if (obj.hasOwnProperty(propertyName)) {","                  //if property has parent, add nested reference  ","                  var parsedProperty = parent ? parent + \"[\" + propertyName + \"]\" : propertyName, propertyValue = obj[propertyName];","","                  // if property has value and is object (we must iterate again, not final leaf)","                  // iterate over object property passing current parsed property as parent","                  // else add encoded parsed property and value to result array","                  tokens.push((propertyValue !== null && typeof propertyValue === \"object\") ?","                    serialize(propertyValue, parsedProperty) :","                    encodeURIComponent(parsedProperty) + \"=\" + encodeURIComponent(propertyValue));","                    }","                }","                    return tokens.join(\"&\");","    },\t","\t\"serialize\":function(data,nrcEventEmitter,serializedCallback){","\t\tif(typeof data === 'object')","\t\t\tdata = this.encode(data);","","\t\tserializedCallback(data);","    \t}","\t},BaseSerializer));","","","serializerManager.add({","\t\"name\":\"DEFAULT\",","\t\"isDefault\":true,","\t\"serialize\":function(data,nrcEventEmitter,serializedCallback){","\t\t","\t\tserializedCallback(data.toString());","\t}","});","","return serializerManager;","","};"],"l":{"1":1,"3":1,"4":0,"6":0,"9":1,"10":0,"11":0,"12":0,"13":0,"14":0,"15":0,"19":0,"23":0,"27":0,"28":0,"31":0,"35":0,"36":0,"37":0,"39":0,"40":0,"42":0,"46":0,"47":0,"48":0,"49":0,"51":0,"54":0,"55":0,"56":0,"57":0,"59":0,"63":0,"64":0,"67":0,"68":0,"69":0,"70":0,"71":0,"72":0,"76":0,"79":0,"80":0,"81":0,"82":0,"84":0,"87":0,"88":0,"95":1,"97":0,"99":0,"102":0,"105":0,"107":0,"108":0,"109":0,"112":0,"118":0,"124":0,"125":0,"127":0,"132":0,"136":0,"137":0,"138":0,"143":0,"147":0,"149":0,"151":0,"153":0,"158":0,"163":0,"166":0,"167":0,"169":0,"174":0,"179":0,"183":0}}}